2025-02-19T15:09:35+05:30: Started container: b2da3899d82d1a37ab75d387b669170be662b4016adf41910c91d23ed4d9e543
2025-02-19T15:09:35+05:30: Started container: 5769b82a25946ae72f85399312cd6c6a22e828c7ca65494e98ec98977cbe6ba3
2025-02-19T15:09:35+05:30: Found worker container: 5769b82a25946ae72f85399312cd6c6a22e828c7ca65494e98ec98977cbe6ba3
2025-02-19T15:09:35+05:30: Found worker container: b2da3899d82d1a37ab75d387b669170be662b4016adf41910c91d23ed4d9e543
2025-02-19T15:09:35+05:30: Found worker container: e8340125af529af8b54868a6e1444b133845b9c2fa7224c110fdf007f7376492
2025-02-19T15:09:35+05:30: Found worker container: 6677ca97d69d36703e579f88d1a80165e4786c82de72281849f3d6cbd9e79242
2025-02-19T15:09:35+05:30: More than 2 worker containers found: 4. Removing excess containers.
2025-02-19T15:09:35+05:30: ✅ Removed excess container: e8340125af529af8b54868a6e1444b133845b9c2fa7224c110fdf007f7376492
2025-02-19T15:09:35+05:30: ✅ Removed excess container: 6677ca97d69d36703e579f88d1a80165e4786c82de72281849f3d6cbd9e79242
2025-02-19T15:09:37+05:30: ✅ Running worker containers count is sufficient: 2
2025-02-19T15:09:39+05:30: ✅ Running worker containers count is sufficient: 2
2025-02-19T15:09:41+05:30: ✅ Running worker containers count is sufficient: 2
2025-02-19T15:09:43+05:30: ✅ Running worker containers count is sufficient: 2
2025-02-19T15:09:45+05:30: ✅ Running worker containers count is sufficient: 2
2025-02-19T15:09:47+05:30: ✅ Running worker containers count is sufficient: 2
2025-02-19T15:09:49+05:30: ✅ Running worker containers count is sufficient: 2
2025-02-19T15:09:51+05:30: ✅ Running worker containers count is sufficient: 2
2025-02-19T15:09:53+05:30: ⚠️ No running worker containers found. Creating a new container.
2025-02-19T15:09:54+05:30: Started container: 7b06138420f8fbf7d74ed132f386c8be64a70e437d5f9898ac73eb32889e2b06
2025-02-19T15:09:55+05:30: ✅ Running worker containers count is sufficient: 1
2025-02-19T15:09:57+05:30: ✅ Running worker containers count is sufficient: 1
2025-02-19T15:09:59+05:30: ✅ Running worker containers count is sufficient: 1
2025-02-19T15:10:01+05:30: ✅ Running worker containers count is sufficient: 1
2025-02-19T15:10:03+05:30: ✅ Running worker containers count is sufficient: 1
2025-02-19T15:10:05+05:30: ✅ Running worker containers count is sufficient: 1
2025-02-19T15:10:07+05:30: ✅ Running worker containers count is sufficient: 1
2025-02-19T15:10:09+05:30: ✅ Running worker containers count is sufficient: 1
2025-02-19T15:10:11+05:30: ✅ Running worker containers count is sufficient: 1
2025-02-19T15:10:13+05:30: ✅ Running worker containers count is sufficient: 1
2025-02-19T15:10:14+05:30: Started container: 767fe02611ca18da5bb7684aa15e668698cef13ebbdef91ef72c526cb1a6a81d
2025-02-19T15:10:14+05:30: Started container: 2ea64a7391f2fd4660f8c4caf30c60bc9b608d56cdf965ba2d4b07aab752ab4b
2025-02-19T15:10:14+05:30: Found worker container: 2ea64a7391f2fd4660f8c4caf30c60bc9b608d56cdf965ba2d4b07aab752ab4b
2025-02-19T15:10:14+05:30: Found worker container: 767fe02611ca18da5bb7684aa15e668698cef13ebbdef91ef72c526cb1a6a81d
2025-02-19T15:10:14+05:30: Found worker container: 7b06138420f8fbf7d74ed132f386c8be64a70e437d5f9898ac73eb32889e2b06
2025-02-19T15:10:14+05:30: More than 2 worker containers found: 3. Removing excess containers.
2025-02-19T15:10:14+05:30: ✅ Removed excess container: 7b06138420f8fbf7d74ed132f386c8be64a70e437d5f9898ac73eb32889e2b06
2025-02-19T15:10:15+05:30: ✅ Running worker containers count is sufficient: 2
2025-02-19T15:10:17+05:30: ✅ Running worker containers count is sufficient: 2
2025-02-19T15:10:19+05:30: ✅ Running worker containers count is sufficient: 2
2025-02-19T15:10:21+05:30: ✅ Running worker containers count is sufficient: 2
2025-02-19T15:10:23+05:30: ✅ Running worker containers count is sufficient: 2
2025-02-19T15:10:25+05:30: ✅ Running worker containers count is sufficient: 2
2025-02-19T15:10:27+05:30: ✅ Running worker containers count is sufficient: 2
2025-02-19T15:10:29+05:30: ✅ Running worker containers count is sufficient: 2
2025-02-19T15:10:31+05:30: ✅ Running worker containers count is sufficient: 2
2025-02-19T15:10:33+05:30: ✅ Running worker containers count is sufficient: 2
2025-02-19T15:10:35+05:30: ✅ Running worker containers count is sufficient: 2
2025-02-19T15:10:37+05:30: ✅ Running worker containers count is sufficient: 2
2025-02-19T15:10:39+05:30: ✅ Running worker containers count is sufficient: 2
2025-02-19T15:10:41+05:30: ✅ Running worker containers count is sufficient: 2
2025-02-19T15:10:43+05:30: ✅ Running worker containers count is sufficient: 2
2025-02-19T15:10:45+05:30: ✅ Running worker containers count is sufficient: 2
2025-02-19T15:10:47+05:30: ✅ Running worker containers count is sufficient: 2
2025-02-19T15:10:49+05:30: ✅ Running worker containers count is sufficient: 2
2025-02-19T15:10:51+05:30: ✅ Running worker containers count is sufficient: 2
2025-02-19T15:10:53+05:30: ✅ Running worker containers count is sufficient: 2
2025-02-19T15:10:55+05:30: ✅ Running worker containers count is sufficient: 2
2025-02-19T15:10:57+05:30: ✅ Running worker containers count is sufficient: 2
2025-02-19T15:10:59+05:30: ✅ Running worker containers count is sufficient: 2
2025-02-19T15:11:01+05:30: ✅ Running worker containers count is sufficient: 2
2025-02-19T15:11:03+05:30: ✅ Running worker containers count is sufficient: 2
2025-02-19T15:11:05+05:30: ✅ Running worker containers count is sufficient: 2
2025-02-19T15:11:07+05:30: ✅ Running worker containers count is sufficient: 2
2025-02-19T15:11:09+05:30: ✅ Running worker containers count is sufficient: 2
2025-02-19T15:11:11+05:30: ✅ Running worker containers count is sufficient: 2
2025-02-19T15:11:13+05:30: ✅ Running worker containers count is sufficient: 2
2025-02-19T15:11:15+05:30: ✅ Running worker containers count is sufficient: 2
2025-02-19T15:11:17+05:30: ✅ Running worker containers count is sufficient: 2
2025-02-19T15:11:19+05:30: ✅ Running worker containers count is sufficient: 2
2025-02-19T15:11:21+05:30: ✅ Running worker containers count is sufficient: 2
2025-02-19T15:11:23+05:30: ✅ Running worker containers count is sufficient: 2
2025-02-19T15:11:25+05:30: ✅ Running worker containers count is sufficient: 2
2025-02-19T15:11:27+05:30: ✅ Running worker containers count is sufficient: 2
