2025/02/19 15:01:15 Connected to Docker (API Version: 1.47)
2025/02/19 15:01:15 Worker 1 started
2025/02/19 15:01:15 Worker 2 started
2025/02/19 15:01:20 Container e41b6a2a14d2 marked for restart: missing=false, state=error
2025/02/19 15:01:20 Restarting container: e41b6a2a14d2
2025/02/19 15:01:20 Container pool below target size (1/2), starting 1 new container(s)
2025/02/19 15:01:20 Started worker container: 248009c39b0e
2025/02/19 15:01:40 Connected to Docker (API Version: 1.47)
2025/02/19 15:01:40 Worker 1 started
2025/02/19 15:01:40 Worker 2 started
2025/02/19 15:02:00 Container 248009c39b0e marked for restart: missing=true, state=idle
2025/02/19 15:02:00 Container 497c02b1a26e marked for restart: missing=true, state=idle
2025/02/19 15:02:00 Restarting container: 248009c39b0e
2025/02/19 15:02:00 Failed to remove container 248009c39b0e: Error response from daemon: No such container: 248009c39b0e40bf52e12478b8686337abf75ee064aee4e9a41dc29ae6811b08
2025/02/19 15:02:00 Restarting container: 497c02b1a26e
2025/02/19 15:02:00 Failed to remove container 497c02b1a26e: Error response from daemon: No such container: 497c02b1a26e1ebdac2cfc9ec211c3e5190c015f0c104f879ffe417abfbc8625
2025/02/19 15:02:00 Container pool below target size (0/2), starting 2 new container(s)
2025/02/19 15:02:00 Started worker container: 76bfbc83717d
2025/02/19 15:02:01 Started worker container: 6cafe04ed544
2025/02/19 15:06:38 Worker 1 executing job in container: 76bfbc83717d
2025/02/19 15:06:38 Worker 2 executing job in container: 6cafe04ed544
2025/02/19 15:06:38 Worker 2 executing job in container: 6cafe04ed544
2025/02/19 15:06:38 Worker 1 executing job in container: 76bfbc83717d
2025/02/19 15:06:38 Worker 2 executing job in container: 6cafe04ed544
2025/02/19 15:06:38 Worker 1 executing job in container: 76bfbc83717d
2025/02/19 15:06:38 Worker 2 executing job in container: 6cafe04ed544
2025/02/19 15:06:38 Worker 1 executing job in container: 76bfbc83717d
2025/02/19 15:06:38 Worker 2 executing job in container: 6cafe04ed544
2025/02/19 15:06:38 Worker 1 executing job in container: 76bfbc83717d
2025/02/19 15:06:38 Worker 2 executing job in container: 6cafe04ed544
2025/02/19 15:06:38 Worker 1 executing job in container: 76bfbc83717d
2025/02/19 15:06:38 Worker 2 executing job in container: 6cafe04ed544
2025/02/19 15:06:38 Worker 1 executing job in container: 76bfbc83717d
2025/02/19 15:06:38 Worker 2 executing job in container: 6cafe04ed544
2025/02/19 15:06:39 Worker 1 executing job in container: 76bfbc83717d
2025/02/19 15:06:39 Worker 2 executing job in container: 6cafe04ed544
2025/02/19 15:06:39 Worker 1 executing job in container: 76bfbc83717d
2025/02/19 15:06:39 Worker 2 executing job in container: 6cafe04ed544
2025/02/19 15:06:39 Worker 2 executing job in container: 6cafe04ed544
2025/02/19 15:06:40 Worker 1 executing job in container: 76bfbc83717d
2025/02/19 15:06:40 Worker 2 executing job in container: 6cafe04ed544
2025/02/19 15:06:40 Worker 2 executing job in container: 6cafe04ed544
2025/02/19 15:06:40 Worker 1 executing job in container: 76bfbc83717d
2025/02/19 15:06:40 Worker 1 executing job in container: 76bfbc83717d
2025/02/19 15:06:40 Worker 2 executing job in container: 6cafe04ed544
2025/02/19 15:06:40 Worker 1 executing job in container: 76bfbc83717d
2025/02/19 15:06:40 Worker 2 executing job in container: 6cafe04ed544
2025/02/19 15:06:40 Worker 1 executing job in container: 76bfbc83717d
2025/02/19 15:06:40 Worker 2 executing job in container: 6cafe04ed544
2025/02/19 15:06:40 Worker 1 executing job in container: 76bfbc83717d
2025/02/19 15:06:40 Worker 2 executing job in container: 6cafe04ed544
2025/02/19 15:06:40 Worker 2 executing job in container: 6cafe04ed544
2025/02/19 15:06:40 Worker 1 executing job in container: 76bfbc83717d
2025/02/19 15:06:40 Worker 1 executing job in container: 76bfbc83717d
2025/02/19 15:06:40 Worker 2 executing job in container: 6cafe04ed544
2025/02/19 15:06:40 Worker 1 executing job in container: 76bfbc83717d
2025/02/19 15:06:40 Worker 2 executing job in container: 6cafe04ed544
2025/02/19 15:06:40 Worker 1 executing job in container: 76bfbc83717d
2025/02/19 15:06:40 Worker 2 executing job in container: 6cafe04ed544
2025/02/19 15:06:41 Worker 1 executing job in container: 6cafe04ed544
2025/02/19 15:06:41 Worker 2 executing job in container: 76bfbc83717d
2025/02/19 15:06:41 Worker 1 executing job in container: 6cafe04ed544
2025/02/19 15:06:41 Worker 2 executing job in container: 76bfbc83717d
2025/02/19 15:06:41 Worker 1 executing job in container: 6cafe04ed544
2025/02/19 15:06:41 Worker 1 executing job in container: 6cafe04ed544
2025/02/19 15:06:41 Worker 2 executing job in container: 76bfbc83717d
2025/02/19 15:06:41 Worker 1 executing job in container: 6cafe04ed544
2025/02/19 15:06:41 Worker 2 executing job in container: 76bfbc83717d
2025/02/19 15:06:42 Worker 1 executing job in container: 6cafe04ed544
2025/02/19 15:06:42 Worker 2 executing job in container: 76bfbc83717d
2025/02/19 15:06:42 Worker 2 executing job in container: 76bfbc83717d
2025/02/19 15:06:42 Worker 1 executing job in container: 6cafe04ed544
2025/02/19 15:06:42 Worker 2 executing job in container: 76bfbc83717d
2025/02/19 15:06:42 Worker 1 executing job in container: 6cafe04ed544
2025/02/19 15:06:42 Worker 2 executing job in container: 76bfbc83717d
2025/02/19 15:06:42 Worker 1 executing job in container: 6cafe04ed544
2025/02/19 15:06:42 Worker 2 executing job in container: 76bfbc83717d
2025/02/19 15:06:42 Worker 1 executing job in container: 6cafe04ed544
2025/02/19 15:06:42 Worker 2 executing job in container: 76bfbc83717d
2025/02/19 15:06:43 Worker 1 executing job in container: 76bfbc83717d
2025/02/19 15:06:43 Worker 2 executing job in container: 76bfbc83717d
2025/02/19 15:06:43 Worker 1 executing job in container: 6cafe04ed544
2025/02/19 15:06:43 Worker 2 executing job in container: 76bfbc83717d
2025/02/19 15:06:43 Worker 1 executing job in container: 6cafe04ed544
2025/02/19 15:06:43 Worker 2 executing job in container: 76bfbc83717d
2025/02/19 15:06:43 Worker 1 executing job in container: 6cafe04ed544
2025/02/19 15:06:43 Worker 2 executing job in container: 76bfbc83717d
2025/02/19 15:06:43 Worker 1 executing job in container: 6cafe04ed544
2025/02/19 15:06:43 Worker 2 executing job in container: 76bfbc83717d
2025/02/19 15:06:43 Worker 1 executing job in container: 6cafe04ed544
2025/02/19 15:06:43 Worker 2 executing job in container: 76bfbc83717d
2025/02/19 15:06:43 Worker 1 executing job in container: 6cafe04ed544
2025/02/19 15:06:43 Worker 2 executing job in container: 76bfbc83717d
2025/02/19 15:06:43 Worker 1 executing job in container: 6cafe04ed544
2025/02/19 15:06:43 Worker 2 executing job in container: 76bfbc83717d
2025/02/19 15:06:43 Worker 1 executing job in container: 6cafe04ed544
2025/02/19 15:06:43 Worker 2 executing job in container: 76bfbc83717d
2025/02/19 15:06:43 Worker 1 executing job in container: 6cafe04ed544
2025/02/19 15:06:43 Worker 2 executing job in container: 76bfbc83717d
2025/02/19 15:06:44 Worker 1 executing job in container: 76bfbc83717d
2025/02/19 15:06:44 Worker 2 executing job in container: 76bfbc83717d
2025/02/19 15:06:44 Worker 1 executing job in container: 76bfbc83717d
2025/02/19 15:06:44 Worker 2 executing job in container: 6cafe04ed544
2025/02/19 15:06:44 Worker 2 executing job in container: 6cafe04ed544
2025/02/19 15:06:44 Worker 1 executing job in container: 76bfbc83717d
2025/02/19 15:06:45 Worker 1 executing job in container: 76bfbc83717d
2025/02/19 15:06:45 Worker 2 executing job in container: 6cafe04ed544
2025/02/19 15:06:45 Worker 1 executing job in container: 76bfbc83717d
2025/02/19 15:06:45 Worker 2 executing job in container: 6cafe04ed544
2025/02/19 15:06:45 Worker 1 executing job in container: 76bfbc83717d
2025/02/19 15:06:45 Worker 2 executing job in container: 6cafe04ed544
2025/02/19 15:06:45 Worker 1 executing job in container: 76bfbc83717d
2025/02/19 15:06:45 Worker 2 executing job in container: 6cafe04ed544
2025/02/19 15:06:45 Worker 2 executing job in container: 6cafe04ed544
2025/02/19 15:06:45 Worker 1 executing job in container: 76bfbc83717d
2025/02/19 15:06:45 Worker 2 executing job in container: 6cafe04ed544
2025/02/19 15:06:45 Worker 1 executing job in container: 76bfbc83717d
2025/02/19 15:06:45 Worker 2 executing job in container: 6cafe04ed544
2025/02/19 15:06:45 Worker 1 executing job in container: 76bfbc83717d
2025/02/19 15:06:45 Container 76bfbc83717d has high error count (41), marking for restart
2025/02/19 15:06:45 Container 6cafe04ed544 has high error count (34), marking for restart
2025/02/19 15:06:45 Restarting container: 76bfbc83717d
2025/02/19 15:06:45 Restarting container: 6cafe04ed544
2025/02/19 15:06:45 Container pool below target size (0/2), starting 2 new container(s)
2025/02/19 15:06:46 Started worker container: d7876cfe9ef6
2025/02/19 15:06:46 Worker 2 executing job in container: d7876cfe9ef6
2025/02/19 15:06:46 Worker 1 executing job in container: d7876cfe9ef6
2025/02/19 15:06:46 Worker 2 executing job in container: d7876cfe9ef6
2025/02/19 15:06:46 Worker 2 executing job in container: d7876cfe9ef6
2025/02/19 15:06:46 Started worker container: b7434377100e
2025/02/19 15:06:46 Worker 1 executing job in container: b7434377100e
2025/02/19 15:06:46 Worker 2 executing job in container: d7876cfe9ef6
2025/02/19 15:06:46 Worker 1 executing job in container: b7434377100e
2025/02/19 15:06:46 Worker 2 executing job in container: d7876cfe9ef6
2025/02/19 15:06:46 Worker 1 executing job in container: b7434377100e
2025/02/19 15:06:46 Worker 2 executing job in container: d7876cfe9ef6
2025/02/19 15:06:46 Worker 1 executing job in container: b7434377100e
2025/02/19 15:06:46 Worker 2 executing job in container: d7876cfe9ef6
2025/02/19 15:06:46 Worker 2 executing job in container: d7876cfe9ef6
2025/02/19 15:06:46 Worker 1 executing job in container: b7434377100e
2025/02/19 15:06:46 Worker 1 executing job in container: b7434377100e
2025/02/19 15:06:46 Worker 2 executing job in container: d7876cfe9ef6
2025/02/19 15:06:46 Worker 2 executing job in container: d7876cfe9ef6
2025/02/19 15:06:46 Worker 1 executing job in container: b7434377100e
2025/02/19 15:06:46 Worker 1 executing job in container: b7434377100e
2025/02/19 15:06:46 Worker 2 executing job in container: d7876cfe9ef6
2025/02/19 15:06:47 Worker 2 executing job in container: d7876cfe9ef6
2025/02/19 15:06:47 Worker 1 executing job in container: d7876cfe9ef6
2025/02/19 15:06:47 Worker 2 executing job in container: d7876cfe9ef6
2025/02/19 15:06:47 Worker 1 executing job in container: d7876cfe9ef6
2025/02/19 15:06:47 Worker 2 executing job in container: d7876cfe9ef6
2025/02/19 15:06:47 Worker 1 executing job in container: b7434377100e
2025/02/19 15:06:47 Worker 2 executing job in container: d7876cfe9ef6
2025/02/19 15:06:47 Worker 1 executing job in container: b7434377100e
2025/02/19 15:06:47 Worker 2 executing job in container: d7876cfe9ef6
2025/02/19 15:06:48 Worker 1 executing job in container: b7434377100e
2025/02/19 15:06:48 Worker 2 executing job in container: d7876cfe9ef6
2025/02/19 15:06:48 Worker 1 executing job in container: b7434377100e
2025/02/19 15:06:48 Worker 2 executing job in container: d7876cfe9ef6
2025/02/19 15:06:48 Worker 1 executing job in container: b7434377100e
2025/02/19 15:06:48 Worker 2 executing job in container: d7876cfe9ef6
2025/02/19 15:06:48 Worker 2 executing job in container: d7876cfe9ef6
2025/02/19 15:06:48 Worker 1 executing job in container: b7434377100e
2025/02/19 15:06:48 Worker 1 executing job in container: b7434377100e
2025/02/19 15:06:48 Worker 2 executing job in container: d7876cfe9ef6
2025/02/19 15:06:48 Worker 1 executing job in container: b7434377100e
2025/02/19 15:06:48 Worker 2 executing job in container: d7876cfe9ef6
2025/02/19 15:06:48 Worker 1 executing job in container: d7876cfe9ef6
2025/02/19 15:06:48 Worker 2 executing job in container: d7876cfe9ef6
2025/02/19 15:06:48 Worker 1 executing job in container: d7876cfe9ef6
2025/02/19 15:06:49 Worker 2 executing job in container: d7876cfe9ef6
2025/02/19 15:06:49 Worker 1 executing job in container: d7876cfe9ef6
2025/02/19 15:06:49 Worker 2 executing job in container: d7876cfe9ef6
2025/02/19 15:06:49 Worker 1 executing job in container: b7434377100e
2025/02/19 15:06:49 Worker 1 executing job in container: b7434377100e
2025/02/19 15:06:49 Worker 2 executing job in container: d7876cfe9ef6
2025/02/19 15:06:49 Worker 1 executing job in container: b7434377100e
2025/02/19 15:06:49 Worker 2 executing job in container: d7876cfe9ef6
2025/02/19 15:06:49 Worker 2 executing job in container: d7876cfe9ef6
2025/02/19 15:06:49 Worker 1 executing job in container: b7434377100e
2025/02/19 15:06:49 Worker 1 executing job in container: b7434377100e
2025/02/19 15:06:49 Worker 2 executing job in container: d7876cfe9ef6
2025/02/19 15:06:49 Worker 1 executing job in container: b7434377100e
2025/02/19 15:06:49 Worker 2 executing job in container: d7876cfe9ef6
2025/02/19 15:06:49 Worker 2 executing job in container: d7876cfe9ef6
2025/02/19 15:06:49 Worker 1 executing job in container: b7434377100e
2025/02/19 15:06:49 Worker 2 executing job in container: b7434377100e
2025/02/19 15:06:50 Worker 1 executing job in container: d7876cfe9ef6
2025/02/19 15:06:50 Worker 2 executing job in container: d7876cfe9ef6
2025/02/19 15:06:50 Worker 1 executing job in container: d7876cfe9ef6
2025/02/19 15:06:50 Container d7876cfe9ef6 has high error count (30), marking for restart
2025/02/19 15:06:50 Container b7434377100e has high error count (18), marking for restart
2025/02/19 15:06:50 Restarting container: d7876cfe9ef6
2025/02/19 15:06:50 Restarting container: b7434377100e
2025/02/19 15:06:50 Container pool below target size (0/2), starting 2 new container(s)
2025/02/19 15:06:51 Started worker container: 94d1fb1328e3
2025/02/19 15:06:51 Worker 1 executing job in container: 94d1fb1328e3
2025/02/19 15:06:51 Worker 1 executing job in container: 94d1fb1328e3
2025/02/19 15:06:51 Worker 1 executing job in container: 94d1fb1328e3
2025/02/19 15:06:51 Worker 1 executing job in container: 94d1fb1328e3
2025/02/19 15:06:51 Started worker container: 523fcf25dd20
2025/02/19 15:06:51 Worker 2 executing job in container: 523fcf25dd20
2025/02/19 15:06:51 Worker 1 executing job in container: 94d1fb1328e3
2025/02/19 15:06:51 Worker 2 executing job in container: 523fcf25dd20
2025/02/19 15:06:51 Worker 1 executing job in container: 94d1fb1328e3
2025/02/19 15:06:51 Worker 1 executing job in container: 94d1fb1328e3
2025/02/19 15:06:51 Worker 2 executing job in container: 523fcf25dd20
2025/02/19 15:06:51 Worker 2 executing job in container: 523fcf25dd20
2025/02/19 15:06:51 Worker 1 executing job in container: 94d1fb1328e3
2025/02/19 15:06:51 Worker 2 executing job in container: 523fcf25dd20
2025/02/19 15:06:51 Worker 1 executing job in container: 94d1fb1328e3
2025/02/19 15:06:51 Worker 2 executing job in container: 523fcf25dd20
2025/02/19 15:06:51 Worker 1 executing job in container: 94d1fb1328e3
2025/02/19 15:06:51 Worker 2 executing job in container: 523fcf25dd20
2025/02/19 15:06:51 Worker 1 executing job in container: 94d1fb1328e3
2025/02/19 15:06:51 Worker 2 executing job in container: 523fcf25dd20
2025/02/19 15:06:51 Worker 1 executing job in container: 94d1fb1328e3
2025/02/19 15:06:52 Worker 1 executing job in container: 94d1fb1328e3
2025/02/19 15:06:52 Worker 2 executing job in container: 523fcf25dd20
2025/02/19 15:06:52 Worker 1 executing job in container: 94d1fb1328e3
2025/02/19 15:06:53 Worker 2 executing job in container: 523fcf25dd20
2025/02/19 15:06:53 Worker 1 executing job in container: 94d1fb1328e3
2025/02/19 15:06:53 Worker 1 executing job in container: 94d1fb1328e3
2025/02/19 15:06:53 Worker 2 executing job in container: 523fcf25dd20
2025/02/19 15:06:53 Worker 1 executing job in container: 94d1fb1328e3
2025/02/19 15:06:53 Worker 2 executing job in container: 523fcf25dd20
2025/02/19 15:06:53 Worker 2 executing job in container: 523fcf25dd20
2025/02/19 15:06:53 Worker 1 executing job in container: 94d1fb1328e3
2025/02/19 15:06:53 Worker 1 executing job in container: 94d1fb1328e3
2025/02/19 15:06:53 Worker 2 executing job in container: 523fcf25dd20
2025/02/19 15:06:53 Worker 2 executing job in container: 523fcf25dd20
2025/02/19 15:06:53 Worker 1 executing job in container: 94d1fb1328e3
2025/02/19 15:06:53 Worker 2 executing job in container: 523fcf25dd20
2025/02/19 15:06:53 Worker 1 executing job in container: 94d1fb1328e3
2025/02/19 15:06:53 Worker 1 executing job in container: 94d1fb1328e3
2025/02/19 15:06:53 Worker 2 executing job in container: 523fcf25dd20
2025/02/19 15:06:53 Worker 2 executing job in container: 523fcf25dd20
2025/02/19 15:06:54 Worker 1 executing job in container: 94d1fb1328e3
2025/02/19 15:06:54 Worker 2 executing job in container: 94d1fb1328e3
2025/02/19 15:06:54 Worker 1 executing job in container: 523fcf25dd20
2025/02/19 15:06:54 Worker 2 executing job in container: 94d1fb1328e3
2025/02/19 15:06:54 Worker 1 executing job in container: 523fcf25dd20
2025/02/19 15:06:54 Worker 1 executing job in container: 523fcf25dd20
2025/02/19 15:06:54 Worker 2 executing job in container: 94d1fb1328e3
2025/02/19 15:06:54 Worker 1 executing job in container: 523fcf25dd20
2025/02/19 15:06:54 Worker 2 executing job in container: 94d1fb1328e3
2025/02/19 15:06:54 Worker 1 executing job in container: 523fcf25dd20
2025/02/19 15:06:54 Worker 2 executing job in container: 94d1fb1328e3
2025/02/19 15:06:54 Worker 1 executing job in container: 523fcf25dd20
2025/02/19 15:06:54 Worker 2 executing job in container: 94d1fb1328e3
2025/02/19 15:06:54 Worker 1 executing job in container: 523fcf25dd20
2025/02/19 15:06:54 Worker 2 executing job in container: 94d1fb1328e3
2025/02/19 15:06:55 Worker 2 executing job in container: 94d1fb1328e3
2025/02/19 15:06:55 Worker 1 executing job in container: 523fcf25dd20
2025/02/19 15:06:55 Worker 2 executing job in container: 94d1fb1328e3
2025/02/19 15:06:55 Worker 1 executing job in container: 523fcf25dd20
2025/02/19 15:06:55 Worker 2 executing job in container: 94d1fb1328e3
2025/02/19 15:06:55 Container 94d1fb1328e3 has high error count (24), marking for restart
2025/02/19 15:06:55 Container 523fcf25dd20 has high error count (21), marking for restart
2025/02/19 15:06:55 Restarting container: 94d1fb1328e3
2025/02/19 15:06:55 Restarting container: 523fcf25dd20
2025/02/19 15:06:55 Container pool below target size (0/2), starting 2 new container(s)
2025/02/19 15:06:56 Started worker container: d15a06b84ca8
2025/02/19 15:06:56 Worker 2 executing job in container: d15a06b84ca8
2025/02/19 15:06:56 Worker 2 executing job in container: d15a06b84ca8
2025/02/19 15:06:56 Worker 2 executing job in container: d15a06b84ca8
2025/02/19 15:06:56 Started worker container: 28d4559cb05e
2025/02/19 15:06:56 Worker 1 executing job in container: 28d4559cb05e
2025/02/19 15:06:56 Worker 2 executing job in container: d15a06b84ca8
2025/02/19 15:06:56 Worker 2 executing job in container: d15a06b84ca8
2025/02/19 15:06:56 Worker 1 executing job in container: 28d4559cb05e
2025/02/19 15:06:56 Worker 2 executing job in container: d15a06b84ca8
2025/02/19 15:06:56 Worker 1 executing job in container: 28d4559cb05e
2025/02/19 15:06:56 Worker 2 executing job in container: d15a06b84ca8
2025/02/19 15:06:56 Worker 1 executing job in container: 28d4559cb05e
2025/02/19 15:06:56 Worker 2 executing job in container: d15a06b84ca8
2025/02/19 15:06:56 Worker 1 executing job in container: 28d4559cb05e
2025/02/19 15:06:56 Worker 2 executing job in container: d15a06b84ca8
2025/02/19 15:06:56 Worker 1 executing job in container: 28d4559cb05e
2025/02/19 15:06:57 Worker 2 executing job in container: d15a06b84ca8
2025/02/19 15:06:57 Worker 1 executing job in container: 28d4559cb05e
2025/02/19 15:06:57 Worker 1 executing job in container: d15a06b84ca8
2025/02/19 15:06:57 Worker 2 executing job in container: 28d4559cb05e
2025/02/19 15:06:57 Worker 2 executing job in container: 28d4559cb05e
2025/02/19 15:06:57 Worker 1 executing job in container: d15a06b84ca8
2025/02/19 15:06:58 Worker 2 executing job in container: d15a06b84ca8
2025/02/19 15:06:58 Worker 1 executing job in container: d15a06b84ca8
2025/02/19 15:06:58 Worker 2 executing job in container: d15a06b84ca8
2025/02/19 15:06:58 Worker 1 executing job in container: 28d4559cb05e
2025/02/19 15:06:58 Worker 1 executing job in container: 28d4559cb05e
2025/02/19 15:06:58 Worker 2 executing job in container: d15a06b84ca8
2025/02/19 15:06:58 Worker 1 executing job in container: 28d4559cb05e
2025/02/19 15:06:58 Worker 2 executing job in container: d15a06b84ca8
2025/02/19 15:06:58 Worker 1 executing job in container: 28d4559cb05e
2025/02/19 15:06:58 Worker 2 executing job in container: d15a06b84ca8
2025/02/19 15:06:58 Worker 2 executing job in container: d15a06b84ca8
2025/02/19 15:06:58 Worker 1 executing job in container: 28d4559cb05e
2025/02/19 15:06:58 Worker 2 executing job in container: d15a06b84ca8
2025/02/19 15:06:58 Worker 1 executing job in container: 28d4559cb05e
2025/02/19 15:06:58 Worker 1 executing job in container: 28d4559cb05e
2025/02/19 15:06:58 Worker 2 executing job in container: d15a06b84ca8
2025/02/19 15:06:58 Worker 1 executing job in container: 28d4559cb05e
2025/02/19 15:06:58 Worker 2 executing job in container: d15a06b84ca8
2025/02/19 15:06:58 Worker 1 executing job in container: 28d4559cb05e
2025/02/19 15:06:58 Worker 2 executing job in container: d15a06b84ca8
2025/02/19 15:06:58 Worker 2 executing job in container: d15a06b84ca8
2025/02/19 15:06:59 Worker 1 executing job in container: d15a06b84ca8
2025/02/19 15:06:59 Worker 2 executing job in container: d15a06b84ca8
2025/02/19 15:06:59 Worker 1 executing job in container: 28d4559cb05e
2025/02/19 15:06:59 Worker 2 executing job in container: d15a06b84ca8
2025/02/19 15:06:59 Worker 1 executing job in container: 28d4559cb05e
2025/02/19 15:06:59 Worker 2 executing job in container: d15a06b84ca8
2025/02/19 15:06:59 Worker 1 executing job in container: 28d4559cb05e
2025/02/19 15:06:59 Worker 2 executing job in container: d15a06b84ca8
2025/02/19 15:06:59 Worker 2 executing job in container: d15a06b84ca8
2025/02/19 15:06:59 Worker 1 executing job in container: 28d4559cb05e
2025/02/19 15:06:59 Worker 1 executing job in container: 28d4559cb05e
2025/02/19 15:06:59 Worker 2 executing job in container: d15a06b84ca8
2025/02/19 15:07:00 Worker 1 executing job in container: 28d4559cb05e
2025/02/19 15:07:00 Worker 2 executing job in container: d15a06b84ca8
2025/02/19 15:07:00 Worker 2 executing job in container: d15a06b84ca8
2025/02/19 15:07:00 Worker 1 executing job in container: 28d4559cb05e
2025/02/19 15:07:00 Worker 1 executing job in container: 28d4559cb05e
2025/02/19 15:07:00 Worker 2 executing job in container: d15a06b84ca8
2025/02/19 15:07:00 Worker 2 executing job in container: d15a06b84ca8
2025/02/19 15:07:00 Worker 1 executing job in container: 28d4559cb05e
2025/02/19 15:07:00 Worker 2 executing job in container: d15a06b84ca8
2025/02/19 15:07:00 Worker 1 executing job in container: d15a06b84ca8
2025/02/19 15:07:00 Container d15a06b84ca8 has high error count (28), marking for restart
2025/02/19 15:07:00 Container 28d4559cb05e has high error count (21), marking for restart
2025/02/19 15:07:00 Restarting container: d15a06b84ca8
2025/02/19 15:07:00 Restarting container: 28d4559cb05e
2025/02/19 15:07:00 Container pool below target size (0/2), starting 2 new container(s)
2025/02/19 15:07:01 Started worker container: ca99455d4116
2025/02/19 15:07:01 Worker 2 executing job in container: ca99455d4116
2025/02/19 15:07:01 Worker 2 executing job in container: ca99455d4116
2025/02/19 15:07:01 Worker 2 executing job in container: ca99455d4116
2025/02/19 15:07:01 Started worker container: 28812c4baf42
2025/02/19 15:07:01 Worker 2 executing job in container: ca99455d4116
2025/02/19 15:07:01 Worker 1 executing job in container: 28812c4baf42
2025/02/19 15:07:01 Worker 2 executing job in container: ca99455d4116
2025/02/19 15:07:01 Worker 1 executing job in container: 28812c4baf42
2025/02/19 15:07:01 Worker 1 executing job in container: 28812c4baf42
2025/02/19 15:07:01 Worker 2 executing job in container: ca99455d4116
2025/02/19 15:07:01 Worker 1 executing job in container: 28812c4baf42
2025/02/19 15:07:01 Worker 2 executing job in container: ca99455d4116
2025/02/19 15:07:01 Worker 1 executing job in container: 28812c4baf42
2025/02/19 15:07:01 Worker 2 executing job in container: ca99455d4116
2025/02/19 15:07:01 Worker 2 executing job in container: ca99455d4116
2025/02/19 15:07:01 Worker 1 executing job in container: 28812c4baf42
2025/02/19 15:07:01 Worker 2 executing job in container: ca99455d4116
2025/02/19 15:07:01 Worker 1 executing job in container: 28812c4baf42
2025/02/19 15:07:01 Worker 2 executing job in container: ca99455d4116
2025/02/19 15:07:01 Worker 1 executing job in container: 28812c4baf42
2025/02/19 15:07:01 Worker 1 executing job in container: ca99455d4116
2025/02/19 15:07:02 Worker 2 executing job in container: ca99455d4116
2025/02/19 15:07:02 Worker 1 executing job in container: ca99455d4116
2025/02/19 15:07:02 Worker 2 executing job in container: ca99455d4116
2025/02/19 15:07:02 Worker 1 executing job in container: ca99455d4116
2025/02/19 15:07:02 Worker 1 executing job in container: ca99455d4116
2025/02/19 15:07:02 Worker 2 executing job in container: ca99455d4116
2025/02/19 15:07:02 Worker 1 executing job in container: ca99455d4116
2025/02/19 15:07:02 Worker 2 executing job in container: ca99455d4116
2025/02/19 15:07:03 Worker 1 executing job in container: 28812c4baf42
2025/02/19 15:07:03 Worker 2 executing job in container: ca99455d4116
2025/02/19 15:07:03 Worker 1 executing job in container: 28812c4baf42
2025/02/19 15:07:03 Worker 2 executing job in container: ca99455d4116
2025/02/19 15:07:03 Worker 1 executing job in container: 28812c4baf42
2025/02/19 15:07:03 Worker 2 executing job in container: ca99455d4116
2025/02/19 15:07:03 Worker 1 executing job in container: 28812c4baf42
2025/02/19 15:07:03 Worker 2 executing job in container: ca99455d4116
2025/02/19 15:07:03 Worker 2 executing job in container: ca99455d4116
2025/02/19 15:07:03 Worker 1 executing job in container: 28812c4baf42
2025/02/19 15:07:03 Worker 2 executing job in container: ca99455d4116
2025/02/19 15:07:03 Worker 1 executing job in container: ca99455d4116
2025/02/19 15:07:03 Worker 2 executing job in container: ca99455d4116
2025/02/19 15:07:03 Worker 1 executing job in container: ca99455d4116
2025/02/19 15:07:03 Worker 2 executing job in container: ca99455d4116
2025/02/19 15:07:04 Worker 1 executing job in container: ca99455d4116
2025/02/19 15:07:04 Worker 2 executing job in container: ca99455d4116
2025/02/19 15:07:04 Worker 1 executing job in container: 28812c4baf42
2025/02/19 15:07:04 Worker 2 executing job in container: ca99455d4116
2025/02/19 15:07:04 Worker 1 executing job in container: 28812c4baf42
2025/02/19 15:07:04 Worker 2 executing job in container: ca99455d4116
2025/02/19 15:07:04 Worker 2 executing job in container: ca99455d4116
2025/02/19 15:07:04 Worker 1 executing job in container: 28812c4baf42
2025/02/19 15:07:04 Worker 1 executing job in container: 28812c4baf42
2025/02/19 15:07:04 Worker 2 executing job in container: ca99455d4116
2025/02/19 15:07:04 Worker 2 executing job in container: ca99455d4116
2025/02/19 15:07:04 Worker 1 executing job in container: 28812c4baf42
2025/02/19 15:07:04 Worker 2 executing job in container: ca99455d4116
2025/02/19 15:07:04 Worker 1 executing job in container: 28812c4baf42
2025/02/19 15:07:04 Worker 2 executing job in container: ca99455d4116
2025/02/19 15:07:04 Worker 1 executing job in container: 28812c4baf42
2025/02/19 15:07:04 Worker 1 executing job in container: ca99455d4116
2025/02/19 15:07:05 Worker 2 executing job in container: ca99455d4116
2025/02/19 15:07:05 Worker 1 executing job in container: ca99455d4116
2025/02/19 15:07:05 Worker 2 executing job in container: ca99455d4116
2025/02/19 15:07:05 Worker 1 executing job in container: ca99455d4116
2025/02/19 15:07:05 Container ca99455d4116 has high error count (33), marking for restart
2025/02/19 15:07:05 Container 28812c4baf42 has high error count (15), marking for restart
2025/02/19 15:07:05 Restarting container: ca99455d4116
2025/02/19 15:07:05 Restarting container: 28812c4baf42
2025/02/19 15:07:05 Container pool below target size (0/2), starting 2 new container(s)
2025/02/19 15:07:06 Started worker container: 7401ca7a18b2
2025/02/19 15:07:06 Worker 2 executing job in container: 7401ca7a18b2
2025/02/19 15:07:06 Worker 2 executing job in container: 7401ca7a18b2
2025/02/19 15:07:06 Worker 2 executing job in container: 7401ca7a18b2
2025/02/19 15:07:06 Started worker container: fa4944e50c2e
2025/02/19 15:07:06 Worker 1 executing job in container: fa4944e50c2e
2025/02/19 15:07:06 Worker 2 executing job in container: 7401ca7a18b2
2025/02/19 15:07:06 Worker 1 executing job in container: fa4944e50c2e
2025/02/19 15:07:06 Worker 2 executing job in container: 7401ca7a18b2
2025/02/19 15:07:06 Worker 2 executing job in container: 7401ca7a18b2
2025/02/19 15:07:06 Worker 1 executing job in container: fa4944e50c2e
2025/02/19 15:07:06 Worker 1 executing job in container: fa4944e50c2e
2025/02/19 15:07:06 Worker 2 executing job in container: 7401ca7a18b2
2025/02/19 15:07:06 Worker 2 executing job in container: 7401ca7a18b2
2025/02/19 15:07:06 Worker 1 executing job in container: fa4944e50c2e
2025/02/19 15:07:06 Worker 1 executing job in container: fa4944e50c2e
2025/02/19 15:07:06 Worker 2 executing job in container: 7401ca7a18b2
2025/02/19 15:07:06 Worker 1 executing job in container: fa4944e50c2e
2025/02/19 15:07:06 Worker 2 executing job in container: 7401ca7a18b2
2025/02/19 15:07:06 Worker 1 executing job in container: fa4944e50c2e
2025/02/19 15:07:06 Worker 2 executing job in container: 7401ca7a18b2
2025/02/19 15:07:06 Worker 2 executing job in container: 7401ca7a18b2
2025/02/19 15:07:07 Worker 1 executing job in container: fa4944e50c2e
2025/02/19 15:07:07 Worker 2 executing job in container: 7401ca7a18b2
2025/02/19 15:07:07 Worker 2 executing job in container: 7401ca7a18b2
2025/02/19 15:07:07 Worker 1 executing job in container: 7401ca7a18b2
2025/02/19 15:07:08 Worker 2 executing job in container: 7401ca7a18b2
2025/02/19 15:07:08 Worker 1 executing job in container: 7401ca7a18b2
2025/02/19 15:07:08 Worker 2 executing job in container: 7401ca7a18b2
2025/02/19 15:07:08 Worker 1 executing job in container: 7401ca7a18b2
2025/02/19 15:07:08 Worker 2 executing job in container: 7401ca7a18b2
2025/02/19 15:07:08 Worker 1 executing job in container: 7401ca7a18b2
2025/02/19 15:07:08 Worker 1 executing job in container: 7401ca7a18b2
2025/02/19 15:07:08 Worker 2 executing job in container: 7401ca7a18b2
2025/02/19 15:07:08 Worker 2 executing job in container: 7401ca7a18b2
2025/02/19 15:07:08 Worker 1 executing job in container: 7401ca7a18b2
2025/02/19 15:07:08 Worker 1 executing job in container: 7401ca7a18b2
2025/02/19 15:07:08 Worker 2 executing job in container: 7401ca7a18b2
2025/02/19 15:07:08 Worker 1 executing job in container: 7401ca7a18b2
2025/02/19 15:07:08 Worker 2 executing job in container: 7401ca7a18b2
2025/02/19 15:07:08 Worker 2 executing job in container: fa4944e50c2e
2025/02/19 15:07:08 Worker 1 executing job in container: 7401ca7a18b2
2025/02/19 15:07:10 Container 7401ca7a18b2 has high error count (23), marking for restart
2025/02/19 15:07:10 Container fa4944e50c2e has high error count (7), marking for restart
2025/02/19 15:07:10 Restarting container: 7401ca7a18b2
2025/02/19 15:07:10 Restarting container: fa4944e50c2e
2025/02/19 15:07:10 Container pool below target size (0/2), starting 2 new container(s)
2025/02/19 15:07:11 Started worker container: 6677ca97d69d
2025/02/19 15:07:11 Started worker container: e8340125af52
2025/02/19 15:07:16 Worker 2 executing job in container: 6677ca97d69d
2025-02-19T16:11:59+05:30: Started container: d4f486235680169d6f4b50be81862d4d85ee9e698a07c9c5d487dd5208669dae
2025-02-19T16:12:00+05:30: Started container: 3e046167dcc72005908ae914c03522848b2869580c174e32a42891e6f17624be
2025-02-19T16:12:00+05:30: Found worker container: 3e046167dcc72005908ae914c03522848b2869580c174e32a42891e6f17624be
2025-02-19T16:12:00+05:30: Found worker container: d4f486235680169d6f4b50be81862d4d85ee9e698a07c9c5d487dd5208669dae
2025-02-19T16:12:00+05:30: Found worker container: 2ea64a7391f2fd4660f8c4caf30c60bc9b608d56cdf965ba2d4b07aab752ab4b
2025-02-19T16:12:00+05:30: Found worker container: 767fe02611ca18da5bb7684aa15e668698cef13ebbdef91ef72c526cb1a6a81d
2025-02-19T16:12:00+05:30: More than 2 worker containers found: 4. Removing excess containers.
2025-02-19T16:12:00+05:30: ✅ Removed excess container: 2ea64a7391f2fd4660f8c4caf30c60bc9b608d56cdf965ba2d4b07aab752ab4b
2025-02-19T16:12:00+05:30: ✅ Removed excess container: 767fe02611ca18da5bb7684aa15e668698cef13ebbdef91ef72c526cb1a6a81d
2025-02-19T16:12:02+05:30: ✅ Running worker containers count is sufficient: 2
2025-02-19T16:12:04+05:30: ✅ Running worker containers count is sufficient: 2
2025-02-19T16:12:06+05:30: ✅ Running worker containers count is sufficient: 2
2025-02-19T16:12:08+05:30: ✅ Running worker containers count is sufficient: 2
2025-02-19T16:12:10+05:30: ✅ Running worker containers count is sufficient: 2
2025-02-19T16:12:12+05:30: ✅ Running worker containers count is sufficient: 2
2025-02-19T16:12:14+05:30: ✅ Running worker containers count is sufficient: 2
2025-02-19T16:12:16+05:30: ✅ Running worker containers count is sufficient: 2
2025-02-19T16:12:18+05:30: ✅ Running worker containers count is sufficient: 2
2025-02-19T16:12:20+05:30: ✅ Running worker containers count is sufficient: 2
2025-02-19T16:12:22+05:30: ✅ Running worker containers count is sufficient: 2
2025-02-19T16:12:24+05:30: ✅ Running worker containers count is sufficient: 2
2025-02-19T16:12:26+05:30: ✅ Running worker containers count is sufficient: 2
2025-02-19T16:12:28+05:30: ✅ Running worker containers count is sufficient: 2
2025-02-19T16:12:30+05:30: ✅ Running worker containers count is sufficient: 2
2025-02-19T16:12:32+05:30: ✅ Running worker containers count is sufficient: 2
2025-02-19T16:12:34+05:30: ✅ Running worker containers count is sufficient: 2
2025-02-19T16:12:36+05:30: ✅ Running worker containers count is sufficient: 2
2025-02-19T16:12:38+05:30: ✅ Running worker containers count is sufficient: 2
2025-02-19T16:12:40+05:30: ✅ Running worker containers count is sufficient: 2
2025-02-19T16:12:42+05:30: ✅ Running worker containers count is sufficient: 2
2025-02-19T16:12:44+05:30: ✅ Running worker containers count is sufficient: 2
2025-02-19T16:12:46+05:30: ✅ Running worker containers count is sufficient: 2
2025-02-19T16:12:48+05:30: ✅ Running worker containers count is sufficient: 2
2025-02-19T16:12:50+05:30: ✅ Running worker containers count is sufficient: 2
2025-02-19T16:12:52+05:30: ✅ Running worker containers count is sufficient: 2
2025-02-19T16:12:54+05:30: ✅ Running worker containers count is sufficient: 2
2025-02-19T16:12:56+05:30: ✅ Running worker containers count is sufficient: 2
2025-02-19T16:12:58+05:30: ✅ Running worker containers count is sufficient: 2
2025-02-19T16:13:00+05:30: ✅ Running worker containers count is sufficient: 2
2025-02-19T16:13:02+05:30: ✅ Running worker containers count is sufficient: 2
2025-02-19T16:13:04+05:30: ✅ Running worker containers count is sufficient: 2
2025-02-19T16:13:06+05:30: ✅ Running worker containers count is sufficient: 2
2025-02-19T16:13:08+05:30: ✅ Running worker containers count is sufficient: 2
2025-02-19T16:13:10+05:30: ✅ Running worker containers count is sufficient: 2
2025-02-19T16:13:12+05:30: ✅ Running worker containers count is sufficient: 2
2025-02-19T16:13:14+05:30: ✅ Running worker containers count is sufficient: 2
2025-02-19T16:13:16+05:30: ✅ Running worker containers count is sufficient: 2
2025-02-19T16:13:18+05:30: ✅ Running worker containers count is sufficient: 2
2025-02-19T16:13:20+05:30: ✅ Running worker containers count is sufficient: 2
2025-02-19T16:13:22+05:30: ✅ Running worker containers count is sufficient: 2
2025-02-19T16:13:24+05:30: ✅ Running worker containers count is sufficient: 2
2025-02-19T16:13:26+05:30: ✅ Running worker containers count is sufficient: 2
2025-02-19T16:13:28+05:30: ✅ Running worker containers count is sufficient: 2
2025-02-19T16:13:30+05:30: ✅ Running worker containers count is sufficient: 2
2025-02-19T16:13:32+05:30: ✅ Running worker containers count is sufficient: 2
2025-02-19T16:13:34+05:30: ✅ Running worker containers count is sufficient: 2
2025-02-19T16:13:36+05:30: ✅ Running worker containers count is sufficient: 2
2025-02-19T16:13:38+05:30: ✅ Running worker containers count is sufficient: 2
2025-02-19T16:13:40+05:30: ✅ Running worker containers count is sufficient: 2
2025-02-19T16:13:42+05:30: ✅ Running worker containers count is sufficient: 2
2025-02-19T16:13:44+05:30: ✅ Running worker containers count is sufficient: 2
2025-02-19T16:13:46+05:30: ✅ Running worker containers count is sufficient: 2
2025-02-19T16:13:48+05:30: ✅ Running worker containers count is sufficient: 2
2025-02-19T16:13:50+05:30: ✅ Running worker containers count is sufficient: 2
2025-02-19T16:13:52+05:30: ✅ Running worker containers count is sufficient: 2
2025-02-19T16:13:54+05:30: ✅ Running worker containers count is sufficient: 2
2025-02-19T16:13:56+05:30: ✅ Running worker containers count is sufficient: 2
2025-02-19T16:13:58+05:30: ✅ Running worker containers count is sufficient: 2
2025-02-19T16:14:00+05:30: ✅ Running worker containers count is sufficient: 2
2025-02-19T16:14:02+05:30: ✅ Running worker containers count is sufficient: 2
2025-02-19T16:14:04+05:30: ✅ Running worker containers count is sufficient: 2
2025-02-19T16:14:06+05:30: ✅ Running worker containers count is sufficient: 2
2025-02-19T16:14:08+05:30: ✅ Running worker containers count is sufficient: 2
2025-02-19T16:14:10+05:30: ✅ Running worker containers count is sufficient: 2
2025-02-19T16:14:12+05:30: ✅ Running worker containers count is sufficient: 2
2025-02-19T16:14:14+05:30: ✅ Running worker containers count is sufficient: 2
2025-02-19T16:14:16+05:30: ✅ Running worker containers count is sufficient: 2
2025-02-19T16:14:18+05:30: ✅ Running worker containers count is sufficient: 2
2025-02-19T16:14:20+05:30: ✅ Running worker containers count is sufficient: 2
2025-02-19T16:14:22+05:30: ✅ Running worker containers count is sufficient: 2
2025-02-19T16:14:24+05:30: ✅ Running worker containers count is sufficient: 2
2025-02-19T16:14:26+05:30: ✅ Running worker containers count is sufficient: 2
2025-02-19T16:14:28+05:30: ✅ Running worker containers count is sufficient: 2
2025-02-19T16:14:30+05:30: ✅ Running worker containers count is sufficient: 2
2025-02-19T16:14:32+05:30: ✅ Running worker containers count is sufficient: 2
2025-02-19T16:14:34+05:30: ✅ Running worker containers count is sufficient: 2
2025-02-19T16:14:36+05:30: ✅ Running worker containers count is sufficient: 2
2025-02-19T16:14:38+05:30: ✅ Running worker containers count is sufficient: 2
2025-02-19T16:14:40+05:30: ✅ Running worker containers count is sufficient: 2
2025-02-19T16:14:42+05:30: ✅ Running worker containers count is sufficient: 2
2025-02-19T16:14:44+05:30: ✅ Running worker containers count is sufficient: 2
2025-02-19T16:14:46+05:30: ✅ Running worker containers count is sufficient: 2
2025-02-19T16:14:48+05:30: ✅ Running worker containers count is sufficient: 2
2025-02-19T16:14:50+05:30: ✅ Running worker containers count is sufficient: 2
2025-02-19T16:14:52+05:30: ✅ Running worker containers count is sufficient: 2
2025-02-19T16:14:54+05:30: ✅ Running worker containers count is sufficient: 2
2025-02-19T16:14:56+05:30: ✅ Running worker containers count is sufficient: 2
2025-02-19T16:14:58+05:30: ✅ Running worker containers count is sufficient: 2
2025-02-19T16:15:00+05:30: ✅ Running worker containers count is sufficient: 2
2025-02-19T16:15:02+05:30: ✅ Running worker containers count is sufficient: 2
2025-02-19T16:15:04+05:30: ✅ Running worker containers count is sufficient: 2
2025-02-19T16:15:06+05:30: ✅ Running worker containers count is sufficient: 2
2025-02-19T16:15:08+05:30: ✅ Running worker containers count is sufficient: 2
2025-02-19T16:15:10+05:30: ✅ Running worker containers count is sufficient: 2
2025-02-19T16:15:12+05:30: ✅ Running worker containers count is sufficient: 2
2025-02-19T16:15:14+05:30: ✅ Running worker containers count is sufficient: 2
2025-02-19T16:15:16+05:30: ✅ Running worker containers count is sufficient: 2
2025-02-19T16:15:18+05:30: ✅ Running worker containers count is sufficient: 2
2025-02-19T16:15:20+05:30: ✅ Running worker containers count is sufficient: 2
2025-02-19T16:15:22+05:30: ✅ Running worker containers count is sufficient: 2
2025-02-19T16:15:24+05:30: ✅ Running worker containers count is sufficient: 2
2025-02-19T16:15:28+05:30: Started container: 06392794eb03d3737c4a3178fefc52b455c3a73a54d68473a030a04034ce3dc8
2025-02-19T16:15:28+05:30: Started container: 70f2da280ef0aa2ab549df74156be7aa72477253ad569c873b2a8d63a26ce147
2025-02-19T16:15:28+05:30: Found worker container: 70f2da280ef0aa2ab549df74156be7aa72477253ad569c873b2a8d63a26ce147
2025-02-19T16:15:28+05:30: Found worker container: 06392794eb03d3737c4a3178fefc52b455c3a73a54d68473a030a04034ce3dc8
2025-02-19T16:15:28+05:30: Found worker container: 3e046167dcc72005908ae914c03522848b2869580c174e32a42891e6f17624be
2025-02-19T16:15:28+05:30: Found worker container: d4f486235680169d6f4b50be81862d4d85ee9e698a07c9c5d487dd5208669dae
2025-02-19T16:15:28+05:30: More than 2 worker containers found: 4. Removing excess containers.
2025-02-19T16:15:28+05:30: ✅ Removed excess container: 3e046167dcc72005908ae914c03522848b2869580c174e32a42891e6f17624be
2025-02-19T16:15:28+05:30: ✅ Removed excess container: d4f486235680169d6f4b50be81862d4d85ee9e698a07c9c5d487dd5208669dae
2025-02-19T16:15:30+05:30: ✅ Running worker containers count is sufficient: 2
2025-02-19T16:15:32+05:30: ✅ Running worker containers count is sufficient: 2
2025-02-19T16:15:34+05:30: ✅ Running worker containers count is sufficient: 2
2025-02-19T16:15:36+05:30: ✅ Running worker containers count is sufficient: 2
2025-02-19T16:15:38+05:30: ✅ Running worker containers count is sufficient: 2
2025-02-19T16:15:40+05:30: ✅ Running worker containers count is sufficient: 2
2025-02-19T16:15:42+05:30: ✅ Running worker containers count is sufficient: 2
2025-02-19T16:15:44+05:30: ✅ Running worker containers count is sufficient: 2
2025-02-19T16:15:46+05:30: ✅ Running worker containers count is sufficient: 2
2025-02-19T16:15:48+05:30: ✅ Running worker containers count is sufficient: 2
2025-02-19T16:15:50+05:30: ✅ Running worker containers count is sufficient: 2
2025-02-19T16:15:52+05:30: ✅ Running worker containers count is sufficient: 2
2025-02-19T16:15:54+05:30: ✅ Running worker containers count is sufficient: 2
2025-02-19T16:15:56+05:30: ✅ Running worker containers count is sufficient: 2
2025-02-19T16:15:58+05:30: ✅ Running worker containers count is sufficient: 2
2025-02-19T16:16:00+05:30: ✅ Running worker containers count is sufficient: 2
2025-02-19T16:16:02+05:30: ✅ Running worker containers count is sufficient: 2
2025-02-19T16:16:04+05:30: ✅ Running worker containers count is sufficient: 2
2025-02-19T16:16:06+05:30: ✅ Running worker containers count is sufficient: 2
2025-02-19T16:16:08+05:30: ✅ Running worker containers count is sufficient: 2
2025-02-19T16:16:10+05:30: ✅ Running worker containers count is sufficient: 2
2025-02-19T16:16:12+05:30: ✅ Running worker containers count is sufficient: 2
2025-02-19T16:16:14+05:30: ✅ Running worker containers count is sufficient: 2
2025-02-19T16:16:16+05:30: ✅ Running worker containers count is sufficient: 2
2025-02-19T16:16:18+05:30: ✅ Running worker containers count is sufficient: 2
2025-02-19T16:16:20+05:30: ✅ Running worker containers count is sufficient: 2
2025-02-19T16:16:22+05:30: ✅ Running worker containers count is sufficient: 2
2025-02-19T16:16:24+05:30: ✅ Running worker containers count is sufficient: 2
2025-02-19T16:16:26+05:30: ✅ Running worker containers count is sufficient: 2
2025-02-19T16:16:28+05:30: ✅ Running worker containers count is sufficient: 2
2025-02-19T16:16:30+05:30: ✅ Running worker containers count is sufficient: 2
2025-02-19T16:16:32+05:30: ✅ Running worker containers count is sufficient: 2
2025-02-19T16:16:34+05:30: ✅ Running worker containers count is sufficient: 2
2025-02-19T16:16:36+05:30: ✅ Running worker containers count is sufficient: 2
2025-02-19T16:16:38+05:30: ✅ Running worker containers count is sufficient: 2
2025-02-19T16:16:40+05:30: ✅ Running worker containers count is sufficient: 2
2025-02-19T16:16:42+05:30: ✅ Running worker containers count is sufficient: 2
2025-02-19T16:16:44+05:30: ✅ Running worker containers count is sufficient: 2
2025-02-19T16:16:46+05:30: ✅ Running worker containers count is sufficient: 2
2025-02-19T16:16:48+05:30: ✅ Running worker containers count is sufficient: 2
2025-02-19T16:16:50+05:30: ✅ Running worker containers count is sufficient: 2
2025-02-19T16:16:52+05:30: ✅ Running worker containers count is sufficient: 2
2025-02-19T16:16:54+05:30: ✅ Running worker containers count is sufficient: 2
2025-02-19T16:16:56+05:30: ✅ Running worker containers count is sufficient: 2
2025-02-19T16:16:58+05:30: ✅ Running worker containers count is sufficient: 2
2025-02-19T16:17:00+05:30: ✅ Running worker containers count is sufficient: 2
2025-02-19T16:17:02+05:30: ✅ Running worker containers count is sufficient: 2
2025-02-19T16:17:04+05:30: ✅ Running worker containers count is sufficient: 2
2025-02-19T16:17:06+05:30: ✅ Running worker containers count is sufficient: 2
2025-02-19T16:17:08+05:30: ✅ Running worker containers count is sufficient: 2
2025-02-19T16:17:10+05:30: ✅ Running worker containers count is sufficient: 2
2025-02-19T16:17:12+05:30: ✅ Running worker containers count is sufficient: 2
2025-02-19T16:17:14+05:30: ✅ Running worker containers count is sufficient: 2
2025-02-19T16:17:16+05:30: ✅ Running worker containers count is sufficient: 2
2025-02-19T16:17:18+05:30: ✅ Running worker containers count is sufficient: 2
2025-02-19T16:17:20+05:30: ✅ Running worker containers count is sufficient: 2
2025-02-19T16:17:22+05:30: ✅ Running worker containers count is sufficient: 2
2025-02-19T16:17:24+05:30: ✅ Running worker containers count is sufficient: 2
2025-02-19T16:17:26+05:30: ✅ Running worker containers count is sufficient: 2
2025-02-19T16:17:28+05:30: ✅ Running worker containers count is sufficient: 2
2025-02-19T16:17:30+05:30: ✅ Running worker containers count is sufficient: 2
2025-02-19T16:17:32+05:30: ✅ Running worker containers count is sufficient: 2
2025-02-19T16:17:34+05:30: ✅ Running worker containers count is sufficient: 2
2025-02-19T16:17:36+05:30: ✅ Running worker containers count is sufficient: 2
2025-02-19T16:17:38+05:30: ✅ Running worker containers count is sufficient: 2
2025-02-19T16:17:40+05:30: ✅ Running worker containers count is sufficient: 2
2025-02-19T16:17:42+05:30: ✅ Running worker containers count is sufficient: 2
2025-02-19T16:17:44+05:30: ✅ Running worker containers count is sufficient: 2
2025-02-19T16:17:46+05:30: ✅ Running worker containers count is sufficient: 2
2025-02-19T16:17:48+05:30: ✅ Running worker containers count is sufficient: 2
2025-02-19T16:17:50+05:30: ✅ Running worker containers count is sufficient: 2
2025-02-19T16:17:52+05:30: ✅ Running worker containers count is sufficient: 2
2025-02-19T16:17:54+05:30: ✅ Running worker containers count is sufficient: 2
2025-02-19T16:17:56+05:30: ✅ Running worker containers count is sufficient: 2
2025-02-19T16:17:58+05:30: ✅ Running worker containers count is sufficient: 2
2025-02-19T16:18:00+05:30: ✅ Running worker containers count is sufficient: 2
2025-02-19T16:18:02+05:30: ✅ Running worker containers count is sufficient: 2
2025-02-19T16:18:04+05:30: ✅ Running worker containers count is sufficient: 2
2025-02-19T16:18:06+05:30: ✅ Running worker containers count is sufficient: 2
2025-02-19T16:18:08+05:30: ✅ Running worker containers count is sufficient: 2
2025-02-19T16:18:10+05:30: ✅ Running worker containers count is sufficient: 2
2025-02-19T16:18:12+05:30: ✅ Running worker containers count is sufficient: 2
2025-02-19T16:18:14+05:30: ✅ Running worker containers count is sufficient: 2
2025-02-19T16:18:16+05:30: ✅ Running worker containers count is sufficient: 2
2025-02-19T16:18:18+05:30: ✅ Running worker containers count is sufficient: 2
2025-02-19T16:18:20+05:30: ✅ Running worker containers count is sufficient: 2
2025-02-19T16:18:22+05:30: ✅ Running worker containers count is sufficient: 2
2025-02-19T16:18:24+05:30: ✅ Running worker containers count is sufficient: 2
2025-02-19T16:18:26+05:30: ✅ Running worker containers count is sufficient: 2
2025-02-19T16:18:28+05:30: ✅ Running worker containers count is sufficient: 2
2025-02-19T16:18:30+05:30: ✅ Running worker containers count is sufficient: 2
2025-02-19T16:18:32+05:30: ✅ Running worker containers count is sufficient: 2
2025-02-19T16:18:34+05:30: Started container: 65cef2ccb8eaa34ec331adf52366c0f15490fec10160868d38a4055d3592c20d
2025-02-19T16:18:35+05:30: Started container: bc86305cb2178f9c97b4b1e55c01c6e4d782ef0d11066cb510d3c8281d6282a2
2025-02-19T16:18:35+05:30: Found worker container: bc86305cb2178f9c97b4b1e55c01c6e4d782ef0d11066cb510d3c8281d6282a2
2025-02-19T16:18:35+05:30: Found worker container: 65cef2ccb8eaa34ec331adf52366c0f15490fec10160868d38a4055d3592c20d
2025-02-19T16:18:35+05:30: Found worker container: 70f2da280ef0aa2ab549df74156be7aa72477253ad569c873b2a8d63a26ce147
2025-02-19T16:18:35+05:30: Found worker container: 06392794eb03d3737c4a3178fefc52b455c3a73a54d68473a030a04034ce3dc8
2025-02-19T16:18:35+05:30: More than 2 worker containers found: 4. Removing excess containers.
2025-02-19T16:18:35+05:30: ✅ Removed excess container: 70f2da280ef0aa2ab549df74156be7aa72477253ad569c873b2a8d63a26ce147
2025-02-19T16:18:35+05:30: ✅ Removed excess container: 06392794eb03d3737c4a3178fefc52b455c3a73a54d68473a030a04034ce3dc8
2025-02-19T16:18:37+05:30: ✅ Running worker containers count is sufficient: 2
2025-02-19T16:18:39+05:30: ✅ Running worker containers count is sufficient: 2
2025-02-19T16:18:41+05:30: ✅ Running worker containers count is sufficient: 2
2025-02-19T16:18:43+05:30: ✅ Running worker containers count is sufficient: 2
2025-02-19T16:18:45+05:30: ✅ Running worker containers count is sufficient: 2
2025-02-19T16:18:47+05:30: ✅ Running worker containers count is sufficient: 2
2025-02-19T16:18:49+05:30: ✅ Running worker containers count is sufficient: 2
2025-02-19T16:18:51+05:30: ✅ Running worker containers count is sufficient: 2
2025-02-19T16:18:53+05:30: ✅ Running worker containers count is sufficient: 2
2025-02-19T16:18:55+05:30: ✅ Running worker containers count is sufficient: 2
2025-02-19T16:18:57+05:30: ✅ Running worker containers count is sufficient: 2
2025-02-19T16:18:59+05:30: ✅ Running worker containers count is sufficient: 2
2025-02-19T16:19:01+05:30: ✅ Running worker containers count is sufficient: 2
2025-02-19T16:19:03+05:30: ✅ Running worker containers count is sufficient: 2
2025-02-19T16:19:05+05:30: ✅ Running worker containers count is sufficient: 2
2025-02-19T16:19:07+05:30: ✅ Running worker containers count is sufficient: 2
2025-02-19T16:19:09+05:30: ✅ Running worker containers count is sufficient: 2
2025-02-19T16:19:11+05:30: ✅ Running worker containers count is sufficient: 2
2025-02-19T16:19:13+05:30: ✅ Running worker containers count is sufficient: 2
2025-02-19T16:19:15+05:30: ✅ Running worker containers count is sufficient: 2
2025-02-19T16:19:17+05:30: ✅ Running worker containers count is sufficient: 2
2025-02-19T16:19:19+05:30: ✅ Running worker containers count is sufficient: 2
2025-02-19T16:19:21+05:30: ✅ Running worker containers count is sufficient: 2
2025-02-19T16:19:23+05:30: ✅ Running worker containers count is sufficient: 2
2025-02-19T16:19:25+05:30: ✅ Running worker containers count is sufficient: 2
2025-02-19T16:19:27+05:30: ✅ Running worker containers count is sufficient: 2
2025-02-19T16:19:29+05:30: ✅ Running worker containers count is sufficient: 2
2025-02-19T16:19:31+05:30: ✅ Running worker containers count is sufficient: 2
2025-02-19T16:19:33+05:30: ✅ Running worker containers count is sufficient: 2
2025-02-19T16:19:35+05:30: ✅ Running worker containers count is sufficient: 2
2025-02-19T16:19:37+05:30: ✅ Running worker containers count is sufficient: 2
2025-02-19T16:19:39+05:30: ✅ Running worker containers count is sufficient: 2
2025-02-19T16:19:41+05:30: ✅ Running worker containers count is sufficient: 2
2025-02-19T16:19:49+05:30: Started container: e1e09fceb0c3fc7e6a39297e1280b08cf9dd6c9af32394cef33d6eff9c11fe55
2025-02-19T16:19:49+05:30: Started container: 8067a47566e31e192789685aff9912d8213a698a57d1f7898fcd5c3d067cc392
2025-02-19T16:19:49+05:30: Found worker container: 8067a47566e31e192789685aff9912d8213a698a57d1f7898fcd5c3d067cc392
2025-02-19T16:19:49+05:30: Found worker container: e1e09fceb0c3fc7e6a39297e1280b08cf9dd6c9af32394cef33d6eff9c11fe55
2025-02-19T16:19:49+05:30: Found worker container: bc86305cb2178f9c97b4b1e55c01c6e4d782ef0d11066cb510d3c8281d6282a2
2025-02-19T16:19:49+05:30: Found worker container: 65cef2ccb8eaa34ec331adf52366c0f15490fec10160868d38a4055d3592c20d
2025-02-19T16:19:49+05:30: More than 2 worker containers found: 4. Removing excess containers.
2025-02-19T16:19:49+05:30: ✅ Removed excess container: bc86305cb2178f9c97b4b1e55c01c6e4d782ef0d11066cb510d3c8281d6282a2
2025-02-19T16:19:50+05:30: ✅ Removed excess container: 65cef2ccb8eaa34ec331adf52366c0f15490fec10160868d38a4055d3592c20d
2025-02-19T16:19:52+05:30: ✅ Running worker containers count is sufficient: 2
2025-02-19T16:19:54+05:30: ✅ Running worker containers count is sufficient: 2
2025-02-19T16:19:56+05:30: ✅ Running worker containers count is sufficient: 2
2025-02-19T16:19:58+05:30: ✅ Running worker containers count is sufficient: 2
2025-02-19T16:20:00+05:30: ✅ Running worker containers count is sufficient: 2
2025-02-19T16:20:02+05:30: ✅ Running worker containers count is sufficient: 2
2025-02-19T16:20:04+05:30: ✅ Running worker containers count is sufficient: 2
2025-02-19T16:20:06+05:30: ✅ Running worker containers count is sufficient: 2
2025-02-19T16:20:08+05:30: ✅ Running worker containers count is sufficient: 2
2025-02-19T16:20:10+05:30: ✅ Running worker containers count is sufficient: 2
2025-02-19T16:20:12+05:30: ✅ Running worker containers count is sufficient: 2
2025-02-19T16:20:14+05:30: ✅ Running worker containers count is sufficient: 2
2025-02-19T16:20:16+05:30: ✅ Running worker containers count is sufficient: 2
2025-02-19T16:20:18+05:30: ✅ Running worker containers count is sufficient: 2
2025-02-19T16:20:20+05:30: ✅ Running worker containers count is sufficient: 2
2025-02-19T16:20:22+05:30: ✅ Running worker containers count is sufficient: 2
2025-02-19T16:20:24+05:30: ✅ Running worker containers count is sufficient: 2
2025-02-19T16:20:26+05:30: ✅ Running worker containers count is sufficient: 2
2025-02-19T16:20:28+05:30: ✅ Running worker containers count is sufficient: 2
2025-02-19T16:20:30+05:30: ✅ Running worker containers count is sufficient: 2
2025-02-19T16:20:32+05:30: ✅ Running worker containers count is sufficient: 2
2025-02-19T16:20:34+05:30: ✅ Running worker containers count is sufficient: 2
2025-02-19T16:20:36+05:30: ⚠️ No running worker containers found. Creating a new container.
2025-02-19T16:20:36+05:30: Started container: 02a01afccffcb44ec2b5c3820bacbb921517fbdd0f508abe52a5cd6c76ae4bd2
2025-02-19T16:20:38+05:30: ✅ Running worker containers count is sufficient: 1
2025-02-19T16:20:40+05:30: ✅ Running worker containers count is sufficient: 1
2025-02-19T16:20:42+05:30: ✅ Running worker containers count is sufficient: 1
2025-02-19T16:20:44+05:30: ✅ Running worker containers count is sufficient: 1
2025-02-19T16:21:16+05:30: Started container: 62161ae095ba296fdc1e43a685cac85c2dfba0629c710db078e10e623d30b95b
2025-02-19T16:21:17+05:30: Started container: 2f69cd5844600de825d6078111f8f852da948fcd845cc3ee1c9ac23784686bc1
2025-02-19T16:21:17+05:30: Found worker container: 2f69cd5844600de825d6078111f8f852da948fcd845cc3ee1c9ac23784686bc1
2025-02-19T16:21:17+05:30: Found worker container: 62161ae095ba296fdc1e43a685cac85c2dfba0629c710db078e10e623d30b95b
2025-02-19T16:21:17+05:30: Found worker container: 70a91eeaa9afa986b4daaaf29942f79895be4b17947e5b8dc5aac0cf5419c0f7
2025-02-19T16:21:17+05:30: Found worker container: cf7d0e076e227d277bd0a9377c4d74283616ee09338b830930d3538cd1b33763
2025-02-19T16:21:17+05:30: Found worker container: 02a01afccffcb44ec2b5c3820bacbb921517fbdd0f508abe52a5cd6c76ae4bd2
2025-02-19T16:21:17+05:30: More than 2 worker containers found: 5. Removing excess containers.
2025-02-19T16:21:17+05:30: ✅ Removed excess container: 70a91eeaa9afa986b4daaaf29942f79895be4b17947e5b8dc5aac0cf5419c0f7
2025-02-19T16:21:17+05:30: ✅ Removed excess container: cf7d0e076e227d277bd0a9377c4d74283616ee09338b830930d3538cd1b33763
2025-02-19T16:21:17+05:30: ✅ Removed excess container: 02a01afccffcb44ec2b5c3820bacbb921517fbdd0f508abe52a5cd6c76ae4bd2
2025-02-19T16:21:19+05:30: ✅ Running worker containers count is sufficient: 2
2025-02-19T16:21:21+05:30: ✅ Running worker containers count is sufficient: 2
2025-02-19T16:21:23+05:30: ✅ Running worker containers count is sufficient: 2
2025-02-19T16:21:25+05:30: ✅ Running worker containers count is sufficient: 2
2025-02-19T16:21:27+05:30: ✅ Running worker containers count is sufficient: 2
2025-02-19T16:21:29+05:30: ✅ Running worker containers count is sufficient: 2
2025-02-19T16:21:31+05:30: ✅ Running worker containers count is sufficient: 2
2025-02-19T16:21:33+05:30: ✅ Running worker containers count is sufficient: 2
2025-02-19T16:21:35+05:30: ✅ Running worker containers count is sufficient: 2
2025-02-19T16:21:37+05:30: ✅ Running worker containers count is sufficient: 2
2025-02-19T16:21:39+05:30: ✅ Running worker containers count is sufficient: 2
2025-02-19T16:21:41+05:30: ✅ Running worker containers count is sufficient: 2
2025-02-19T16:21:43+05:30: ✅ Running worker containers count is sufficient: 2
2025-02-19T16:21:45+05:30: ✅ Running worker containers count is sufficient: 2
2025-02-19T16:21:47+05:30: ✅ Running worker containers count is sufficient: 2
2025-02-19T16:21:49+05:30: ✅ Running worker containers count is sufficient: 2
2025-02-19T16:21:51+05:30: ✅ Running worker containers count is sufficient: 2
2025-02-19T16:21:53+05:30: ✅ Running worker containers count is sufficient: 2
2025-02-19T16:21:55+05:30: ✅ Running worker containers count is sufficient: 2
2025-02-19T16:21:57+05:30: ✅ Running worker containers count is sufficient: 2
2025-02-19T16:21:59+05:30: ✅ Running worker containers count is sufficient: 2
2025-02-19T16:22:01+05:30: ✅ Running worker containers count is sufficient: 2
2025-02-19T16:22:03+05:30: ✅ Running worker containers count is sufficient: 2
2025-02-19T16:22:05+05:30: ✅ Running worker containers count is sufficient: 2
2025-02-19T16:22:07+05:30: ✅ Running worker containers count is sufficient: 2
2025-02-19T16:22:09+05:30: ✅ Running worker containers count is sufficient: 2
2025-02-19T16:22:11+05:30: ✅ Running worker containers count is sufficient: 2
2025-02-19T16:22:13+05:30: ✅ Running worker containers count is sufficient: 2
2025-02-19T16:22:15+05:30: ✅ Running worker containers count is sufficient: 2
2025-02-19T16:22:17+05:30: ✅ Running worker containers count is sufficient: 2
2025-02-19T16:22:19+05:30: ✅ Running worker containers count is sufficient: 2
2025-02-19T16:22:21+05:30: ✅ Running worker containers count is sufficient: 2
2025-02-19T16:22:23+05:30: ✅ Running worker containers count is sufficient: 2
2025-02-19T16:22:25+05:30: ✅ Running worker containers count is sufficient: 2
2025-02-19T16:22:27+05:30: ✅ Running worker containers count is sufficient: 2
2025-02-19T16:22:29+05:30: ✅ Running worker containers count is sufficient: 2
2025-02-19T16:22:31+05:30: ✅ Running worker containers count is sufficient: 2
2025-02-19T16:22:33+05:30: ✅ Running worker containers count is sufficient: 2
2025-02-19T16:22:35+05:30: ✅ Running worker containers count is sufficient: 2
2025-02-19T16:22:37+05:30: ✅ Running worker containers count is sufficient: 2
2025-02-19T16:22:39+05:30: ✅ Running worker containers count is sufficient: 2
2025-02-19T16:22:41+05:30: ✅ Running worker containers count is sufficient: 2
2025-02-19T16:22:43+05:30: ✅ Running worker containers count is sufficient: 2
2025-02-19T16:22:45+05:30: ✅ Running worker containers count is sufficient: 2
2025-02-19T16:22:47+05:30: ✅ Running worker containers count is sufficient: 2
2025-02-19T16:22:49+05:30: ✅ Running worker containers count is sufficient: 2
2025-02-19T16:22:51+05:30: ✅ Running worker containers count is sufficient: 2
2025-02-19T16:22:53+05:30: ✅ Running worker containers count is sufficient: 2
2025-02-19T16:22:55+05:30: ✅ Running worker containers count is sufficient: 2
2025-02-19T16:22:57+05:30: ✅ Running worker containers count is sufficient: 2
2025-02-19T16:22:59+05:30: ✅ Running worker containers count is sufficient: 2
2025-02-19T16:23:01+05:30: ✅ Running worker containers count is sufficient: 2
2025-02-19T16:23:03+05:30: ✅ Running worker containers count is sufficient: 2
2025-02-19T16:23:05+05:30: ✅ Running worker containers count is sufficient: 2
2025-02-19T16:23:07+05:30: ✅ Running worker containers count is sufficient: 2
2025-02-19T16:23:09+05:30: ✅ Running worker containers count is sufficient: 2
2025-02-19T16:23:11+05:30: ✅ Running worker containers count is sufficient: 2
2025-02-19T16:23:13+05:30: ✅ Running worker containers count is sufficient: 2
2025-02-19T16:23:15+05:30: ✅ Running worker containers count is sufficient: 2
2025-02-19T16:23:17+05:30: ✅ Running worker containers count is sufficient: 2
2025-02-19T16:23:19+05:30: ✅ Running worker containers count is sufficient: 2
2025-02-19T16:23:21+05:30: ✅ Running worker containers count is sufficient: 2
2025-02-19T16:23:23+05:30: ✅ Running worker containers count is sufficient: 2
2025-02-19T16:23:25+05:30: ✅ Running worker containers count is sufficient: 2
2025-02-19T16:23:27+05:30: ✅ Running worker containers count is sufficient: 2
2025-02-19T16:23:29+05:30: ✅ Running worker containers count is sufficient: 2
2025-02-19T16:23:31+05:30: ✅ Running worker containers count is sufficient: 2
2025-02-19T16:23:33+05:30: ✅ Running worker containers count is sufficient: 2
2025-02-19T16:23:35+05:30: ✅ Running worker containers count is sufficient: 2
2025-02-19T16:23:37+05:30: ✅ Running worker containers count is sufficient: 2
2025-02-19T16:23:39+05:30: ✅ Running worker containers count is sufficient: 2
2025-02-19T16:23:41+05:30: ✅ Running worker containers count is sufficient: 2
2025-02-19T16:23:43+05:30: ✅ Running worker containers count is sufficient: 2
2025-02-19T16:23:45+05:30: ✅ Running worker containers count is sufficient: 2
2025-02-19T16:23:47+05:30: ✅ Running worker containers count is sufficient: 2
2025-02-19T16:23:49+05:30: ✅ Running worker containers count is sufficient: 2
2025-02-19T16:23:51+05:30: ✅ Running worker containers count is sufficient: 2
2025-02-19T16:23:53+05:30: ✅ Running worker containers count is sufficient: 2
2025-02-19T16:23:55+05:30: ✅ Running worker containers count is sufficient: 2
2025-02-19T16:23:57+05:30: ✅ Running worker containers count is sufficient: 2
2025-02-19T16:23:59+05:30: ✅ Running worker containers count is sufficient: 2
