time="2025-02-22T16:49:49+05:30" level=info msg="Request:  {cHJpbnQoJ0hlbGxvLCB3b3JsZCEnKQ== python} Response:  {Hello, world!\n true <nil> 118ms}"
time="2025-02-22T16:49:52+05:30" level=info msg="Request:  {cHJpbnQoJ0hlbGxvLCB3b3JsZCEnKQ== python} Response:  {Hello, world!\n true <nil> 85ms}"
time="2025-02-22T16:49:55+05:30" level=info msg="Request:  {cHJpbnQoJ0hlbGxvLCB3b3JsZCEnKQ== python} Response:  {Hello, world!\n true <nil> 84ms}"
time="2025-02-22T16:49:58+05:30" level=info msg="Request:  {cHJpbnQoJ0hlbGxvLCB3b3JsZCEnKQ== python} Response:  {Hello, world!\n true <nil> 102ms}"
time="2025-02-22T16:50:04+05:30" level=info msg="Request:  {cGFja2FnZSBtYWluCgppbXBvcnQgImZtdCIKCmZ1bmMgbWFpbigpIHsKICBmbXQuUHJpbnRsbigiSGVsbG8sIHdvcmxkISIpCn0= go} Response:  {Hello, world!\n true <nil> 1068ms}"
time="2025-02-22T16:50:53+05:30" level=info msg="Request:  {cGFja2FnZSBtYWluOyBpbXBvcnQgImZtdCI7IGZ1bmMgbWFpbigpIHsgZm10LlByaW50bG4oIkhlbGxvIikgfQ== go} Response:  {Hello\n true <nil> 343ms}"
time="2025-02-22T16:50:54+05:30" level=info msg="Request:  {cGFja2FnZSBtYWluOyBpbXBvcnQgImZtdCI7IGZ1bmMgbWFpbigpIHsgZm10LlByaW50bG4oIkhlbGxvIikgfQ== go} Response:  {Hello\n true <nil> 273ms}"
time="2025-02-22T16:50:54+05:30" level=info msg="Request:  {cGFja2FnZSBtYWluOyBpbXBvcnQgImZtdCI7IGZ1bmMgbWFpbigpIHsgZm10LlByaW50bG4oIkhlbGxvIikgfQ== go} Response:  {Hello\n true <nil> 1473ms}"
time="2025-02-22T16:50:54+05:30" level=info msg="Request:  {cGFja2FnZSBtYWluOyBpbXBvcnQgImZtdCI7IGZ1bmMgbWFpbigpIHsgZm10LlByaW50bG4oIkhlbGxvIikgfQ== go} Response:  {Hello\n true <nil> 1475ms}"
time="2025-02-22T16:50:55+05:30" level=info msg="Request:  {cGFja2FnZSBtYWluOyBpbXBvcnQgImZtdCI7IGZ1bmMgbWFpbigpIHsgZm10LlByaW50bG4oIkhlbGxvIikgfQ== go} Response:  {Hello\n true <nil> 259ms}"
time="2025-02-22T16:50:56+05:30" level=info msg="Request:  {cGFja2FnZSBtYWluOyBpbXBvcnQgImZtdCI7IGZ1bmMgbWFpbigpIHsgZm10LlByaW50bG4oIkhlbGxvIikgfQ== go} Response:  {Hello\n true <nil> 291ms}"
time="2025-02-22T16:50:57+05:30" level=info msg="Request:  {cGFja2FnZSBtYWluOyBpbXBvcnQgImZtdCI7IGZ1bmMgbWFpbigpIHsgZm10LlByaW50bG4oIkhlbGxvIikgfQ== go} Response:  {Hello\n true <nil> 267ms}"
time="2025-02-22T16:50:58+05:30" level=info msg="Request:  {cGFja2FnZSBtYWluOyBpbXBvcnQgImZtdCI7IGZ1bmMgbWFpbigpIHsgZm10LlByaW50bG4oIkhlbGxvIikgfQ== go} Response:  {Hello\n true <nil> 286ms}"
time="2025-02-22T16:51:00+05:30" level=info msg="Request:  {cGFja2FnZSBtYWluOyBpbXBvcnQgImZtdCI7IGZ1bmMgbWFpbigpIHsgZm10LlByaW50bG4oIkhlbGxvIikgfQ== go} Response:  {Hello\n true <nil> 802ms}"
time="2025-02-22T16:51:00+05:30" level=info msg="Request:  {I2luY2x1ZGUgPGlvc3RyZWFtPgppbnQgbWFpbigpIHsgc3RkOjpjb3V0IDw8ICJIZWxsbyBmcm9tIEMrKyIgPDwgc3RkOjplbmRsOyByZXR1cm4gMDsgfQ== cpp} Response:  {Hello from C++\n true <nil> 516ms}"
time="2025-02-22T16:51:01+05:30" level=info msg="Request:  {cGFja2FnZSBtYWluOyBpbXBvcnQgImZtdCI7IGZ1bmMgbWFpbigpIHsgZm10LlByaW50bG4oIkhlbGxvIikgfQ== go} Response:  {Hello\n true <nil> 247ms}"
time="2025-02-22T16:51:02+05:30" level=info msg="Request:  {cGFja2FnZSBtYWluOyBpbXBvcnQgImZtdCI7IGZ1bmMgbWFpbigpIHsgZm10LlByaW50bG4oIkhlbGxvIikgfQ== go} Response:  {Hello\n true <nil> 273ms}"
time="2025-02-22T16:51:03+05:30" level=info msg="Request:  {cGFja2FnZSBtYWluOyBpbXBvcnQgImZtdCI7IGZ1bmMgbWFpbigpIHsgZm10LlByaW50bG4oIkhlbGxvIikgfQ== go} Response:  {Hello\n true <nil> 273ms}"
time="2025-02-22T16:51:04+05:30" level=info msg="Request:  {cGFja2FnZSBtYWluOyBpbXBvcnQgImZtdCI7IGZ1bmMgbWFpbigpIHsgZm10LlByaW50bG4oIkhlbGxvIikgfQ== go} Response:  {Hello\n true <nil> 271ms}"
time="2025-02-22T16:51:05+05:30" level=info msg="Request:  {cGFja2FnZSBtYWluOyBpbXBvcnQgImZtdCI7IGZ1bmMgbWFpbigpIHsgZm10LlByaW50bG4oIkhlbGxvIikgfQ== go} Response:  {Hello\n true <nil> 292ms}"
time="2025-02-22T16:51:06+05:30" level=info msg="Request:  {I2luY2x1ZGUgPGlvc3RyZWFtPgppbnQgbWFpbigpIHsgc3RkOjpjb3V0IDw8ICJIZWxsbyBmcm9tIEMrKyIgPDwgc3RkOjplbmRsOyByZXR1cm4gMDsgfQ== cpp} Response:  {Hello from C++\n true <nil> 367ms}"
time="2025-02-22T16:51:07+05:30" level=info msg="Request:  {cGFja2FnZSBtYWluOyBpbXBvcnQgImZtdCI7IGZ1bmMgbWFpbigpIHsgZm10LlByaW50bG4oIkhlbGxvIikgfQ== go} Response:  {Hello\n true <nil> 289ms}"
time="2025-02-22T16:51:08+05:30" level=info msg="Request:  {cGFja2FnZSBtYWluOyBpbXBvcnQgImZtdCI7IGZ1bmMgbWFpbigpIHsgZm10LlByaW50bG4oIkhlbGxvIikgfQ== go} Response:  {Hello\n true <nil> 249ms}"
time="2025-02-22T16:51:09+05:30" level=info msg="Request:  {cGFja2FnZSBtYWluOyBpbXBvcnQgImZtdCI7IGZ1bmMgbWFpbigpIHsgZm10LlByaW50bG4oIkhlbGxvIikgfQ== go} Response:  {Hello\n true <nil> 239ms}"
time="2025-02-22T16:51:10+05:30" level=info msg="Request:  {I2luY2x1ZGUgPGlvc3RyZWFtPgppbnQgbWFpbigpIHsgc3RkOjpjb3V0IDw8ICJIZWxsbyBmcm9tIEMrKyIgPDwgc3RkOjplbmRsOyByZXR1cm4gMDsgfQ== cpp} Response:  {Hello from C++\n true <nil> 375ms}"
time="2025-02-22T16:51:11+05:30" level=info msg="Request:  {cGFja2FnZSBtYWluOyBpbXBvcnQgImZtdCI7IGZ1bmMgbWFpbigpIHsgZm10LlByaW50bG4oIkhlbGxvIikgfQ== go} Response:  {Hello\n true <nil> 280ms}"
time="2025-02-22T16:51:12+05:30" level=info msg="Request:  {cGFja2FnZSBtYWluOyBpbXBvcnQgImZtdCI7IGZ1bmMgbWFpbigpIHsgZm10LlByaW50bG4oIkhlbGxvIikgfQ== go} Response:  {Hello\n true <nil> 300ms}"
time="2025-02-22T16:51:13+05:30" level=info msg="Request:  {I2luY2x1ZGUgPGlvc3RyZWFtPgppbnQgbWFpbigpIHsgc3RkOjpjb3V0IDw8ICJIZWxsbyBmcm9tIEMrKyIgPDwgc3RkOjplbmRsOyByZXR1cm4gMDsgfQ== cpp} Response:  {Hello from C++\n true <nil> 366ms}"
time="2025-02-22T16:51:14+05:30" level=info msg="Request:  {cGFja2FnZSBtYWluOyBpbXBvcnQgImZtdCI7IGZ1bmMgbWFpbigpIHsgZm10LlByaW50bG4oIkhlbGxvIikgfQ== go} Response:  {Hello\n true <nil> 249ms}"
time="2025-02-22T16:51:15+05:30" level=info msg="Request:  {cGFja2FnZSBtYWluOyBpbXBvcnQgImZtdCI7IGZ1bmMgbWFpbigpIHsgZm10LlByaW50bG4oIkhlbGxvIikgfQ== go} Response:  {Hello\n true <nil> 290ms}"
time="2025-02-22T16:51:17+05:30" level=info msg="Request:  {cGFja2FnZSBtYWluOyBpbXBvcnQgImZtdCI7IGZ1bmMgbWFpbigpIHsgZm10LlByaW50bG4oIkhlbGxvIikgfQ== go} Response:  {Hello\n true <nil> 287ms}"
time="2025-02-22T16:51:17+05:30" level=info msg="Request:  {I2luY2x1ZGUgPGlvc3RyZWFtPgppbnQgbWFpbigpIHsgc3RkOjpjb3V0IDw8ICJIZWxsbyBmcm9tIEMrKyIgPDwgc3RkOjplbmRsOyByZXR1cm4gMDsgfQ== cpp} Response:  {Hello from C++\n true <nil> 365ms}"
time="2025-02-22T16:51:18+05:30" level=info msg="Request:  {cGFja2FnZSBtYWluOyBpbXBvcnQgImZtdCI7IGZ1bmMgbWFpbigpIHsgZm10LlByaW50bG4oIkhlbGxvIikgfQ== go} Response:  {Hello\n true <nil> 297ms}"
time="2025-02-22T16:51:19+05:30" level=info msg="Request:  {cGFja2FnZSBtYWluOyBpbXBvcnQgImZtdCI7IGZ1bmMgbWFpbigpIHsgZm10LlByaW50bG4oIkhlbGxvIikgfQ== go} Response:  {Hello\n true <nil> 311ms}"
time="2025-02-22T16:51:20+05:30" level=info msg="Request:  {I2luY2x1ZGUgPGlvc3RyZWFtPgppbnQgbWFpbigpIHsgc3RkOjpjb3V0IDw8ICJIZWxsbyBmcm9tIEMrKyIgPDwgc3RkOjplbmRsOyByZXR1cm4gMDsgfQ== cpp} Response:  {Hello from C++\n true <nil> 402ms}"
time="2025-02-22T16:51:21+05:30" level=info msg="Request:  {cGFja2FnZSBtYWluOyBpbXBvcnQgImZtdCI7IGZ1bmMgbWFpbigpIHsgZm10LlByaW50bG4oIkhlbGxvIikgfQ== go} Response:  {Hello\n true <nil> 278ms}"
time="2025-02-22T16:51:22+05:30" level=info msg="Request:  {Y29uc29sZS5sb2coJ0hlbGxvIGZyb20gTm9kZS5qcycp js} Response:  {Hello from Node.js\n true <nil> 203ms}"
time="2025-02-22T16:51:23+05:30" level=info msg="Request:  {cGFja2FnZSBtYWluOyBpbXBvcnQgImZtdCI7IGZ1bmMgbWFpbigpIHsgZm10LlByaW50bG4oIkhlbGxvIikgfQ== go} Response:  {Hello\n true <nil> 289ms}"
time="2025-02-22T16:51:24+05:30" level=info msg="Request:  {cGFja2FnZSBtYWluOyBpbXBvcnQgImZtdCI7IGZ1bmMgbWFpbigpIHsgZm10LlByaW50bG4oIkhlbGxvIikgfQ== go} Response:  {Hello\n true <nil> 288ms}"
time="2025-02-22T16:51:25+05:30" level=info msg="Request:  {cGFja2FnZSBtYWluOyBpbXBvcnQgImZtdCI7IGZ1bmMgbWFpbigpIHsgZm10LlByaW50bG4oIkhlbGxvIikgfQ== go} Response:  {Hello\n true <nil> 247ms}"
time="2025-02-22T16:51:26+05:30" level=info msg="Request:  {I2luY2x1ZGUgPGlvc3RyZWFtPgppbnQgbWFpbigpIHsgc3RkOjpjb3V0IDw8ICJIZWxsbyBmcm9tIEMrKyIgPDwgc3RkOjplbmRsOyByZXR1cm4gMDsgfQ== cpp} Response:  {Hello from C++\n true <nil> 431ms}"
time="2025-02-22T16:51:27+05:30" level=info msg="Request:  {cGFja2FnZSBtYWluOyBpbXBvcnQgImZtdCI7IGZ1bmMgbWFpbigpIHsgZm10LlByaW50bG4oIkhlbGxvIikgfQ== go} Response:  {Hello\n true <nil> 254ms}"
time="2025-02-22T16:51:28+05:30" level=info msg="Request:  {cGFja2FnZSBtYWluOyBpbXBvcnQgImZtdCI7IGZ1bmMgbWFpbigpIHsgZm10LlByaW50bG4oIkhlbGxvIikgfQ== go} Response:  {Hello\n true <nil> 296ms}"
time="2025-02-22T16:51:29+05:30" level=info msg="Request:  {I2luY2x1ZGUgPGlvc3RyZWFtPgppbnQgbWFpbigpIHsgc3RkOjpjb3V0IDw8ICJIZWxsbyBmcm9tIEMrKyIgPDwgc3RkOjplbmRsOyByZXR1cm4gMDsgfQ== cpp} Response:  {Hello from C++\n true <nil> 388ms}"
time="2025-02-22T16:51:29+05:30" level=info msg="Request:  {Y29uc29sZS5sb2coJ0hlbGxvIGZyb20gTm9kZS5qcycp js} Response:  {Hello from Node.js\n true <nil> 102ms}"
time="2025-02-22T16:51:31+05:30" level=info msg="Request:  {cGFja2FnZSBtYWluOyBpbXBvcnQgImZtdCI7IGZ1bmMgbWFpbigpIHsgZm10LlByaW50bG4oIkhlbGxvIikgfQ== go} Response:  {Hello\n true <nil> 264ms}"
time="2025-02-22T16:51:32+05:30" level=info msg="Request:  {cGFja2FnZSBtYWluOyBpbXBvcnQgImZtdCI7IGZ1bmMgbWFpbigpIHsgZm10LlByaW50bG4oIkhlbGxvIikgfQ== go} Response:  {Hello\n true <nil> 291ms}"
time="2025-02-22T16:51:32+05:30" level=info msg="Request:  {cHJpbnQoJ0hlbGxvIGZyb20gUHl0aG9uJyk= python} Response:  {Hello from Python\n true <nil> 76ms}"
time="2025-02-22T16:51:34+05:30" level=info msg="Request:  {cGFja2FnZSBtYWluOyBpbXBvcnQgImZtdCI7IGZ1bmMgbWFpbigpIHsgZm10LlByaW50bG4oIkhlbGxvIikgfQ== go} Response:  {Hello\n true <nil> 241ms}"
time="2025-02-22T16:51:35+05:30" level=info msg="Request:  {cGFja2FnZSBtYWluOyBpbXBvcnQgImZtdCI7IGZ1bmMgbWFpbigpIHsgZm10LlByaW50bG4oIkhlbGxvIikgfQ== go} Response:  {Hello\n true <nil> 235ms}"
time="2025-02-22T16:51:36+05:30" level=info msg="Request:  {cGFja2FnZSBtYWluOyBpbXBvcnQgImZtdCI7IGZ1bmMgbWFpbigpIHsgZm10LlByaW50bG4oIkhlbGxvIikgfQ== go} Response:  {Hello\n true <nil> 300ms}"
time="2025-02-22T16:51:37+05:30" level=info msg="Request:  {cGFja2FnZSBtYWluOyBpbXBvcnQgImZtdCI7IGZ1bmMgbWFpbigpIHsgZm10LlByaW50bG4oIkhlbGxvIikgfQ== go} Response:  {Hello\n true <nil> 254ms}"
time="2025-02-22T16:51:38+05:30" level=info msg="Request:  {cGFja2FnZSBtYWluOyBpbXBvcnQgImZtdCI7IGZ1bmMgbWFpbigpIHsgZm10LlByaW50bG4oIkhlbGxvIikgfQ== go} Response:  {Hello\n true <nil> 256ms}"
time="2025-02-22T16:51:39+05:30" level=info msg="Request:  {cGFja2FnZSBtYWluOyBpbXBvcnQgImZtdCI7IGZ1bmMgbWFpbigpIHsgZm10LlByaW50bG4oIkhlbGxvIikgfQ== go} Response:  {Hello\n true <nil> 292ms}"
time="2025-02-22T16:51:40+05:30" level=info msg="Request:  {I2luY2x1ZGUgPGlvc3RyZWFtPgppbnQgbWFpbigpIHsgc3RkOjpjb3V0IDw8ICJIZWxsbyBmcm9tIEMrKyIgPDwgc3RkOjplbmRsOyByZXR1cm4gMDsgfQ== cpp} Response:  {Hello from C++\n true <nil> 358ms}"
time="2025-02-22T16:51:41+05:30" level=info msg="Request:  {cGFja2FnZSBtYWluOyBpbXBvcnQgImZtdCI7IGZ1bmMgbWFpbigpIHsgZm10LlByaW50bG4oIkhlbGxvIikgfQ== go} Response:  {Hello\n true <nil> 230ms}"
time="2025-02-22T16:51:42+05:30" level=info msg="Request:  {cGFja2FnZSBtYWluOyBpbXBvcnQgImZtdCI7IGZ1bmMgbWFpbigpIHsgZm10LlByaW50bG4oIkhlbGxvIikgfQ== go} Response:  {Hello\n true <nil> 246ms}"
time="2025-02-22T16:51:43+05:30" level=info msg="Request:  {cGFja2FnZSBtYWluOyBpbXBvcnQgImZtdCI7IGZ1bmMgbWFpbigpIHsgZm10LlByaW50bG4oIkhlbGxvIikgfQ== go} Response:  {Hello\n true <nil> 281ms}"
time="2025-02-22T16:51:44+05:30" level=info msg="Request:  {I2luY2x1ZGUgPGlvc3RyZWFtPgppbnQgbWFpbigpIHsgc3RkOjpjb3V0IDw8ICJIZWxsbyBmcm9tIEMrKyIgPDwgc3RkOjplbmRsOyByZXR1cm4gMDsgfQ== cpp} Response:  {Hello from C++\n true <nil> 368ms}"
time="2025-02-22T16:51:45+05:30" level=info msg="Request:  {cGFja2FnZSBtYWluOyBpbXBvcnQgImZtdCI7IGZ1bmMgbWFpbigpIHsgZm10LlByaW50bG4oIkhlbGxvIikgfQ== go} Response:  {Hello\n true <nil> 232ms}"
time="2025-02-22T16:51:46+05:30" level=info msg="Request:  {cGFja2FnZSBtYWluOyBpbXBvcnQgImZtdCI7IGZ1bmMgbWFpbigpIHsgZm10LlByaW50bG4oIkhlbGxvIikgfQ== go} Response:  {Hello\n true <nil> 294ms}"
time="2025-02-22T16:51:47+05:30" level=info msg="Request:  {I2luY2x1ZGUgPGlvc3RyZWFtPgppbnQgbWFpbigpIHsgc3RkOjpjb3V0IDw8ICJIZWxsbyBmcm9tIEMrKyIgPDwgc3RkOjplbmRsOyByZXR1cm4gMDsgfQ== cpp} Response:  {Hello from C++\n true <nil> 390ms}"
time="2025-02-22T16:51:48+05:30" level=info msg="Request:  {cGFja2FnZSBtYWluOyBpbXBvcnQgImZtdCI7IGZ1bmMgbWFpbigpIHsgZm10LlByaW50bG4oIkhlbGxvIikgfQ== go} Response:  {Hello\n true <nil> 309ms}"
time="2025-02-22T16:51:49+05:30" level=info msg="Request:  {cGFja2FnZSBtYWluOyBpbXBvcnQgImZtdCI7IGZ1bmMgbWFpbigpIHsgZm10LlByaW50bG4oIkhlbGxvIikgfQ== go} Response:  {Hello\n true <nil> 300ms}"
time="2025-02-22T16:51:50+05:30" level=info msg="Request:  {I2luY2x1ZGUgPGlvc3RyZWFtPgppbnQgbWFpbigpIHsgc3RkOjpjb3V0IDw8ICJIZWxsbyBmcm9tIEMrKyIgPDwgc3RkOjplbmRsOyByZXR1cm4gMDsgfQ== cpp} Response:  {Hello from C++\n true <nil> 383ms}"
time="2025-02-22T16:51:51+05:30" level=info msg="Request:  {cGFja2FnZSBtYWluOyBpbXBvcnQgImZtdCI7IGZ1bmMgbWFpbigpIHsgZm10LlByaW50bG4oIkhlbGxvIikgfQ== go} Response:  {Hello\n true <nil> 300ms}"
time="2025-02-22T16:51:52+05:30" level=info msg="Request:  {cGFja2FnZSBtYWluOyBpbXBvcnQgImZtdCI7IGZ1bmMgbWFpbigpIHsgZm10LlByaW50bG4oIkhlbGxvIikgfQ== go} Response:  {Hello\n true <nil> 291ms}"
time="2025-02-22T16:51:53+05:30" level=info msg="Request:  {I2luY2x1ZGUgPGlvc3RyZWFtPgppbnQgbWFpbigpIHsgc3RkOjpjb3V0IDw8ICJIZWxsbyBmcm9tIEMrKyIgPDwgc3RkOjplbmRsOyByZXR1cm4gMDsgfQ== cpp} Response:  {Hello from C++\n true <nil> 373ms}"
time="2025-02-22T16:51:54+05:30" level=info msg="Request:  {cGFja2FnZSBtYWluOyBpbXBvcnQgImZtdCI7IGZ1bmMgbWFpbigpIHsgZm10LlByaW50bG4oIkhlbGxvIikgfQ== go} Response:  {Hello\n true <nil> 233ms}"
time="2025-02-22T16:51:55+05:30" level=info msg="Request:  {cGFja2FnZSBtYWluOyBpbXBvcnQgImZtdCI7IGZ1bmMgbWFpbigpIHsgZm10LlByaW50bG4oIkhlbGxvIikgfQ== go} Response:  {Hello\n true <nil> 299ms}"
time="2025-02-22T16:51:57+05:30" level=info msg="Request:  {cGFja2FnZSBtYWluOyBpbXBvcnQgImZtdCI7IGZ1bmMgbWFpbigpIHsgZm10LlByaW50bG4oIkhlbGxvIikgfQ== go} Response:  {Hello\n true <nil> 299ms}"
time="2025-02-22T16:51:57+05:30" level=info msg="Request:  {I2luY2x1ZGUgPGlvc3RyZWFtPgppbnQgbWFpbigpIHsgc3RkOjpjb3V0IDw8ICJIZWxsbyBmcm9tIEMrKyIgPDwgc3RkOjplbmRsOyByZXR1cm4gMDsgfQ== cpp} Response:  {Hello from C++\n true <nil> 373ms}"
time="2025-02-22T16:51:58+05:30" level=info msg="Request:  {cGFja2FnZSBtYWluOyBpbXBvcnQgImZtdCI7IGZ1bmMgbWFpbigpIHsgZm10LlByaW50bG4oIkhlbGxvIikgfQ== go} Response:  {Hello\n true <nil> 240ms}"
time="2025-02-22T16:51:59+05:30" level=info msg="Request:  {cGFja2FnZSBtYWluOyBpbXBvcnQgImZtdCI7IGZ1bmMgbWFpbigpIHsgZm10LlByaW50bG4oIkhlbGxvIikgfQ== go} Response:  {Hello\n true <nil> 303ms}"
time="2025-02-22T16:52:00+05:30" level=info msg="Request:  {I2luY2x1ZGUgPGlvc3RyZWFtPgppbnQgbWFpbigpIHsgc3RkOjpjb3V0IDw8ICJIZWxsbyBmcm9tIEMrKyIgPDwgc3RkOjplbmRsOyByZXR1cm4gMDsgfQ== cpp} Response:  {Hello from C++\n true <nil> 362ms}"
time="2025-02-22T16:52:01+05:30" level=info msg="Request:  {cGFja2FnZSBtYWluOyBpbXBvcnQgImZtdCI7IGZ1bmMgbWFpbigpIHsgZm10LlByaW50bG4oIkhlbGxvIikgfQ== go} Response:  {Hello\n true <nil> 282ms}"
time="2025-02-22T16:52:01+05:30" level=info msg="Request:  {cHJpbnQoJ0hlbGxvIGZyb20gUHl0aG9uJyk= python} Response:  {Hello from Python\n true <nil> 79ms}"
time="2025-02-22T16:52:03+05:30" level=info msg="Request:  {cGFja2FnZSBtYWluOyBpbXBvcnQgImZtdCI7IGZ1bmMgbWFpbigpIHsgZm10LlByaW50bG4oIkhlbGxvIikgfQ== go} Response:  {Hello\n true <nil> 266ms}"
time="2025-02-22T16:52:04+05:30" level=info msg="Request:  {cGFja2FnZSBtYWluOyBpbXBvcnQgImZtdCI7IGZ1bmMgbWFpbigpIHsgZm10LlByaW50bG4oIkhlbGxvIikgfQ== go} Response:  {Hello\n true <nil> 273ms}"
time="2025-02-22T16:52:05+05:30" level=info msg="Request:  {cGFja2FnZSBtYWluOyBpbXBvcnQgImZtdCI7IGZ1bmMgbWFpbigpIHsgZm10LlByaW50bG4oIkhlbGxvIikgfQ== go} Response:  {Hello\n true <nil> 299ms}"
time="2025-02-22T16:52:06+05:30" level=info msg="Request:  {cGFja2FnZSBtYWluOyBpbXBvcnQgImZtdCI7IGZ1bmMgbWFpbigpIHsgZm10LlByaW50bG4oIkhlbGxvIikgfQ== go} Response:  {Hello\n true <nil> 238ms}"
time="2025-02-22T16:52:07+05:30" level=info msg="Request:  {cGFja2FnZSBtYWluOyBpbXBvcnQgImZtdCI7IGZ1bmMgbWFpbigpIHsgZm10LlByaW50bG4oIkhlbGxvIikgfQ== go} Response:  {Hello\n true <nil> 276ms}"
time="2025-02-22T16:52:08+05:30" level=info msg="Request:  {cGFja2FnZSBtYWluOyBpbXBvcnQgImZtdCI7IGZ1bmMgbWFpbigpIHsgZm10LlByaW50bG4oIkhlbGxvIikgfQ== go} Response:  {Hello\n true <nil> 275ms}"
time="2025-02-22T16:52:09+05:30" level=info msg="Request:  {cGFja2FnZSBtYWluOyBpbXBvcnQgImZtdCI7IGZ1bmMgbWFpbigpIHsgZm10LlByaW50bG4oIkhlbGxvIikgfQ== go} Response:  {Hello\n true <nil> 259ms}"
time="2025-02-22T16:52:10+05:30" level=info msg="Request:  {I2luY2x1ZGUgPGlvc3RyZWFtPgppbnQgbWFpbigpIHsgc3RkOjpjb3V0IDw8ICJIZWxsbyBmcm9tIEMrKyIgPDwgc3RkOjplbmRsOyByZXR1cm4gMDsgfQ== cpp} Response:  {Hello from C++\n true <nil> 369ms}"
time="2025-02-22T16:52:11+05:30" level=info msg="Request:  {cGFja2FnZSBtYWluOyBpbXBvcnQgImZtdCI7IGZ1bmMgbWFpbigpIHsgZm10LlByaW50bG4oIkhlbGxvIikgfQ== go} Response:  {Hello\n true <nil> 300ms}"
time="2025-02-22T16:52:12+05:30" level=info msg="Request:  {cGFja2FnZSBtYWluOyBpbXBvcnQgImZtdCI7IGZ1bmMgbWFpbigpIHsgZm10LlByaW50bG4oIkhlbGxvIikgfQ== go} Response:  {Hello\n true <nil> 281ms}"
time="2025-02-22T16:52:13+05:30" level=info msg="Request:  {I2luY2x1ZGUgPGlvc3RyZWFtPgppbnQgbWFpbigpIHsgc3RkOjpjb3V0IDw8ICJIZWxsbyBmcm9tIEMrKyIgPDwgc3RkOjplbmRsOyByZXR1cm4gMDsgfQ== cpp} Response:  {Hello from C++\n true <nil> 369ms}"
time="2025-02-22T16:52:14+05:30" level=info msg="Request:  {cGFja2FnZSBtYWluOyBpbXBvcnQgImZtdCI7IGZ1bmMgbWFpbigpIHsgZm10LlByaW50bG4oIkhlbGxvIikgfQ== go} Response:  {Hello\n true <nil> 259ms}"
time="2025-02-22T16:52:15+05:30" level=info msg="Request:  {cGFja2FnZSBtYWluOyBpbXBvcnQgImZtdCI7IGZ1bmMgbWFpbigpIHsgZm10LlByaW50bG4oIkhlbGxvIikgfQ== go} Response:  {Hello\n true <nil> 290ms}"
time="2025-02-22T16:52:16+05:30" level=info msg="Request:  {cGFja2FnZSBtYWluOyBpbXBvcnQgImZtdCI7IGZ1bmMgbWFpbigpIHsgZm10LlByaW50bG4oIkhlbGxvIikgfQ== go} Response:  {Hello\n true <nil> 287ms}"
time="2025-02-22T16:52:17+05:30" level=info msg="Request:  {I2luY2x1ZGUgPGlvc3RyZWFtPgppbnQgbWFpbigpIHsgc3RkOjpjb3V0IDw8ICJIZWxsbyBmcm9tIEMrKyIgPDwgc3RkOjplbmRsOyByZXR1cm4gMDsgfQ== cpp} Response:  {Hello from C++\n true <nil> 435ms}"
time="2025-02-22T16:52:18+05:30" level=info msg="Request:  {cGFja2FnZSBtYWluOyBpbXBvcnQgImZtdCI7IGZ1bmMgbWFpbigpIHsgZm10LlByaW50bG4oIkhlbGxvIikgfQ== go} Response:  {Hello\n true <nil> 276ms}"
time="2025-02-22T16:52:19+05:30" level=info msg="Request:  {cGFja2FnZSBtYWluOyBpbXBvcnQgImZtdCI7IGZ1bmMgbWFpbigpIHsgZm10LlByaW50bG4oIkhlbGxvIikgfQ== go} Response:  {Hello\n true <nil> 311ms}"
time="2025-02-22T16:52:20+05:30" level=info msg="Request:  {I2luY2x1ZGUgPGlvc3RyZWFtPgppbnQgbWFpbigpIHsgc3RkOjpjb3V0IDw8ICJIZWxsbyBmcm9tIEMrKyIgPDwgc3RkOjplbmRsOyByZXR1cm4gMDsgfQ== cpp} Response:  {Hello from C++\n true <nil> 373ms}"
time="2025-02-22T16:52:21+05:30" level=info msg="Request:  {cGFja2FnZSBtYWluOyBpbXBvcnQgImZtdCI7IGZ1bmMgbWFpbigpIHsgZm10LlByaW50bG4oIkhlbGxvIikgfQ== go} Response:  {Hello\n true <nil> 298ms}"
time="2025-02-22T16:52:22+05:30" level=info msg="Request:  {cGFja2FnZSBtYWluOyBpbXBvcnQgImZtdCI7IGZ1bmMgbWFpbigpIHsgZm10LlByaW50bG4oIkhlbGxvIikgfQ== go} Response:  {Hello\n true <nil> 230ms}"
time="2025-02-22T16:52:23+05:30" level=info msg="Request:  {I2luY2x1ZGUgPGlvc3RyZWFtPgppbnQgbWFpbigpIHsgc3RkOjpjb3V0IDw8ICJIZWxsbyBmcm9tIEMrKyIgPDwgc3RkOjplbmRsOyByZXR1cm4gMDsgfQ== cpp} Response:  {Hello from C++\n true <nil> 365ms}"
time="2025-02-22T16:52:23+05:30" level=info msg="Request:  {cHJpbnQoJ0hlbGxvIGZyb20gUHl0aG9uJyk= python} Response:  {Hello from Python\n true <nil> 81ms}"
time="2025-02-22T16:52:25+05:30" level=info msg="Request:  {cGFja2FnZSBtYWluOyBpbXBvcnQgImZtdCI7IGZ1bmMgbWFpbigpIHsgZm10LlByaW50bG4oIkhlbGxvIikgfQ== go} Response:  {Hello\n true <nil> 272ms}"
time="2025-02-22T16:52:26+05:30" level=info msg="Request:  {cGFja2FnZSBtYWluOyBpbXBvcnQgImZtdCI7IGZ1bmMgbWFpbigpIHsgZm10LlByaW50bG4oIkhlbGxvIikgfQ== go} Response:  {Hello\n true <nil> 266ms}"
time="2025-02-22T16:52:26+05:30" level=info msg="Request:  {cHJpbnQoJ0hlbGxvIGZyb20gUHl0aG9uJyk= python} Response:  {Hello from Python\n true <nil> 75ms}"
time="2025-02-22T16:52:28+05:30" level=info msg="Request:  {cGFja2FnZSBtYWluOyBpbXBvcnQgImZtdCI7IGZ1bmMgbWFpbigpIHsgZm10LlByaW50bG4oIkhlbGxvIikgfQ== go} Response:  {Hello\n true <nil> 262ms}"
time="2025-02-22T16:52:29+05:30" level=info msg="Request:  {cGFja2FnZSBtYWluOyBpbXBvcnQgImZtdCI7IGZ1bmMgbWFpbigpIHsgZm10LlByaW50bG4oIkhlbGxvIikgfQ== go} Response:  {Hello\n true <nil> 276ms}"
time="2025-02-22T16:53:10+05:30" level=info msg="Request:  {cGFja2FnZSBtYWluCgppbXBvcnQgImZtdCIKCmZ1bmMgbWFpbigpIHsKICBmbXQuUHJpbnRsbigiSGVsbG8sIHdvcmxkISIpCn0= go} Response:  {Hello, world!\n true <nil> 328ms}"
time="2025-02-22T16:56:32+05:30" level=info msg="Request:  {cGFja2FnZSBtYWluCgppbXBvcnQgImZtdCIKCmZ1bmMgbWFpbigpIHsKICBmbXQuUHJpbnRsbigiSGVsbG8sIHdvcmxkISIpCn0= go} Response:  {Hello, world!\n true <nil> 270ms}"
time="2025-02-22T16:56:34+05:30" level=info msg="Request:  {cGFja2FnZSBtYWluCgppbXBvcnQgImZtdCIKCmZ1bmMgbWFpbigpIHsKICBmbXQuUHJpbnRsbigiSGVsbG8sIHdvcmxkISIpCn0= js} Response:  {/app/temp/code.js:1\npackage main\n        ^^^^\n\nSyntaxError: Unexpected identifier 'main'\n    at wrapSafe (node:internal/modules/cjs/loader:1281:20)\n    at Module._compile (node:internal/modules/cjs/loader:1321:27)\n    at Module._extensions..js (node:internal/modules/cjs/loader:1416:10)\n    at Module.load (node:internal/modules/cjs/loader:1208:32)\n    at Module._load (node:internal/modules/cjs/loader:1024:12)\n    at Function.executeUserEntryPoint [as runMain] (node:internal/modules/run_main:174:12)\n    at node:internal/main/run_main_module:28:49\n\nNode.js v20.15.1\n false execution error: exit status 1 123ms}"
time="2025-02-22T16:56:37+05:30" level=info msg="Request:  {cGFja2FnZSBtYWluCgppbXBvcnQgImZtdCIKCmZ1bmMgbWFpbigpIHsKICBmbXQuUHJpbnRsbigiSGVsbG8sIHdvcmxkISIpCn0= cpp} Response:  {/app/temp/code.cpp:1:1: error: 'package' does not name a type\n    1 | package main\n      | ^~~~~~~\n false execution error: exit status 1 78ms}"
time="2025-02-22T17:00:13+05:30" level=info msg="Request:  {cGFja2FnZSBtYWluOyBpbXBvcnQgImZtdCI7IGZ1bmMgbWFpbigpIHsgZm10LlByaW50bG4oIkhlbGxvIikgfQ== go} Response:  {Hello\n true <nil> 244ms}"
time="2025-02-22T17:00:13+05:30" level=info msg="Request:  {cGFja2FnZSBtYWluOyBpbXBvcnQgImZtdCI7IGZ1bmMgbWFpbigpIHsgZm10LlByaW50bG4oIkhlbGxvIikgfQ== go} Response:  {Hello\n true <nil> 259ms}"
time="2025-02-22T17:00:13+05:30" level=info msg="Request:  {cGFja2FnZSBtYWluOyBpbXBvcnQgImZtdCI7IGZ1bmMgbWFpbigpIHsgZm10LlByaW50bG4oIkhlbGxvIikgfQ== go} Response:  {Hello\n true <nil> 293ms}"
time="2025-02-22T17:00:14+05:30" level=info msg="Request:  {cGFja2FnZSBtYWluOyBpbXBvcnQgImZtdCI7IGZ1bmMgbWFpbigpIHsgZm10LlByaW50bG4oIkhlbGxvIikgfQ== go} Response:  {Hello\n true <nil> 346ms}"
time="2025-02-22T17:00:15+05:30" level=info msg="Request:  {cGFja2FnZSBtYWluOyBpbXBvcnQgImZtdCI7IGZ1bmMgbWFpbigpIHsgZm10LlByaW50bG4oIkhlbGxvIikgfQ== go} Response:  {Hello\n true <nil> 251ms}"
time="2025-02-22T17:00:16+05:30" level=info msg="Request:  {cGFja2FnZSBtYWluOyBpbXBvcnQgImZtdCI7IGZ1bmMgbWFpbigpIHsgZm10LlByaW50bG4oIkhlbGxvIikgfQ== go} Response:  {Hello\n true <nil> 278ms}"
time="2025-02-22T17:00:17+05:30" level=info msg="Request:  {cGFja2FnZSBtYWluOyBpbXBvcnQgImZtdCI7IGZ1bmMgbWFpbigpIHsgZm10LlByaW50bG4oIkhlbGxvIikgfQ== go} Response:  {Hello\n true <nil> 288ms}"
time="2025-02-22T17:00:18+05:30" level=info msg="Request:  {cGFja2FnZSBtYWluOyBpbXBvcnQgImZtdCI7IGZ1bmMgbWFpbigpIHsgZm10LlByaW50bG4oIkhlbGxvIikgfQ== go} Response:  {Hello\n true <nil> 302ms}"
time="2025-02-22T17:00:19+05:30" level=info msg="Request:  {cGFja2FnZSBtYWluOyBpbXBvcnQgImZtdCI7IGZ1bmMgbWFpbigpIHsgZm10LlByaW50bG4oIkhlbGxvIikgfQ== go} Response:  {Hello\n true <nil> 238ms}"
time="2025-02-22T17:00:20+05:30" level=info msg="Request:  {cGFja2FnZSBtYWluOyBpbXBvcnQgImZtdCI7IGZ1bmMgbWFpbigpIHsgZm10LlByaW50bG4oIkhlbGxvIikgfQ== go} Response:  {Hello\n true <nil> 263ms}"
time="2025-02-22T17:00:21+05:30" level=info msg="Request:  {cGFja2FnZSBtYWluOyBpbXBvcnQgImZtdCI7IGZ1bmMgbWFpbigpIHsgZm10LlByaW50bG4oIkhlbGxvIikgfQ== go} Response:  {Hello\n true <nil> 289ms}"
time="2025-02-22T17:00:22+05:30" level=info msg="Request:  {cGFja2FnZSBtYWluOyBpbXBvcnQgImZtdCI7IGZ1bmMgbWFpbigpIHsgZm10LlByaW50bG4oIkhlbGxvIikgfQ== go} Response:  {Hello\n true <nil> 309ms}"
time="2025-02-22T17:00:23+05:30" level=info msg="Request:  {cGFja2FnZSBtYWluOyBpbXBvcnQgImZtdCI7IGZ1bmMgbWFpbigpIHsgZm10LlByaW50bG4oIkhlbGxvIikgfQ== go} Response:  {Hello\n true <nil> 259ms}"
time="2025-02-22T17:00:25+05:30" level=info msg="Request:  {cGFja2FnZSBtYWluOyBpbXBvcnQgImZtdCI7IGZ1bmMgbWFpbigpIHsgZm10LlByaW50bG4oIkhlbGxvIikgfQ== go} Response:  {Hello\n true <nil> 283ms}"
time="2025-02-22T17:00:26+05:30" level=info msg="Request:  {cGFja2FnZSBtYWluOyBpbXBvcnQgImZtdCI7IGZ1bmMgbWFpbigpIHsgZm10LlByaW50bG4oIkhlbGxvIikgfQ== go} Response:  {Hello\n true <nil> 269ms}"
time="2025-02-22T17:00:27+05:30" level=info msg="Request:  {cGFja2FnZSBtYWluOyBpbXBvcnQgImZtdCI7IGZ1bmMgbWFpbigpIHsgZm10LlByaW50bG4oIkhlbGxvIikgfQ== go} Response:  {Hello\n true <nil> 289ms}"
time="2025-02-22T17:00:27+05:30" level=info msg="Request:  {I2luY2x1ZGUgPGlvc3RyZWFtPgppbnQgbWFpbigpIHsgc3RkOjpjb3V0IDw8ICJIZWxsbyBmcm9tIEMrKyIgPDwgc3RkOjplbmRsOyByZXR1cm4gMDsgfQ== cpp} Response:  {Hello from C++\n true <nil> 408ms}"
time="2025-02-22T17:00:28+05:30" level=info msg="Request:  {cGFja2FnZSBtYWluOyBpbXBvcnQgImZtdCI7IGZ1bmMgbWFpbigpIHsgZm10LlByaW50bG4oIkhlbGxvIikgfQ== go} Response:  {Hello\n true <nil> 281ms}"
time="2025-02-22T17:00:30+05:30" level=info msg="Request:  {cGFja2FnZSBtYWluOyBpbXBvcnQgImZtdCI7IGZ1bmMgbWFpbigpIHsgZm10LlByaW50bG4oIkhlbGxvIikgfQ== go} Response:  {Hello\n true <nil> 309ms}"
time="2025-02-22T17:00:30+05:30" level=info msg="Request:  {I2luY2x1ZGUgPGlvc3RyZWFtPgppbnQgbWFpbigpIHsgc3RkOjpjb3V0IDw8ICJIZWxsbyBmcm9tIEMrKyIgPDwgc3RkOjplbmRsOyByZXR1cm4gMDsgfQ== cpp} Response:  {Hello from C++\n true <nil> 407ms}"
time="2025-02-22T17:00:31+05:30" level=info msg="Request:  {cGFja2FnZSBtYWluOyBpbXBvcnQgImZtdCI7IGZ1bmMgbWFpbigpIHsgZm10LlByaW50bG4oIkhlbGxvIikgfQ== go} Response:  {Hello\n true <nil> 281ms}"
time="2025-02-22T17:00:33+05:30" level=info msg="Request:  {cGFja2FnZSBtYWluOyBpbXBvcnQgImZtdCI7IGZ1bmMgbWFpbigpIHsgZm10LlByaW50bG4oIkhlbGxvIikgfQ== go} Response:  {Hello\n true <nil> 284ms}"
time="2025-02-22T17:00:33+05:30" level=info msg="Request:  {I2luY2x1ZGUgPGlvc3RyZWFtPgppbnQgbWFpbigpIHsgc3RkOjpjb3V0IDw8ICJIZWxsbyBmcm9tIEMrKyIgPDwgc3RkOjplbmRsOyByZXR1cm4gMDsgfQ== cpp} Response:  {Hello from C++\n true <nil> 380ms}"
time="2025-02-22T17:00:34+05:30" level=info msg="Request:  {cGFja2FnZSBtYWluOyBpbXBvcnQgImZtdCI7IGZ1bmMgbWFpbigpIHsgZm10LlByaW50bG4oIkhlbGxvIikgfQ== go} Response:  {Hello\n true <nil> 246ms}"
time="2025-02-22T17:00:36+05:30" level=info msg="Request:  {cGFja2FnZSBtYWluOyBpbXBvcnQgImZtdCI7IGZ1bmMgbWFpbigpIHsgZm10LlByaW50bG4oIkhlbGxvIikgfQ== go} Response:  {Hello\n true <nil> 278ms}"
time="2025-02-22T17:00:36+05:30" level=info msg="Request:  {I2luY2x1ZGUgPGlvc3RyZWFtPgppbnQgbWFpbigpIHsgc3RkOjpjb3V0IDw8ICJIZWxsbyBmcm9tIEMrKyIgPDwgc3RkOjplbmRsOyByZXR1cm4gMDsgfQ== cpp} Response:  {Hello from C++\n true <nil> 373ms}"
time="2025-02-22T17:00:37+05:30" level=info msg="Request:  {cGFja2FnZSBtYWluOyBpbXBvcnQgImZtdCI7IGZ1bmMgbWFpbigpIHsgZm10LlByaW50bG4oIkhlbGxvIikgfQ== go} Response:  {Hello\n true <nil> 235ms}"
time="2025-02-22T17:00:39+05:30" level=info msg="Request:  {cGFja2FnZSBtYWluOyBpbXBvcnQgImZtdCI7IGZ1bmMgbWFpbigpIHsgZm10LlByaW50bG4oIkhlbGxvIikgfQ== go} Response:  {Hello\n true <nil> 288ms}"
time="2025-02-22T17:00:40+05:30" level=info msg="Request:  {cGFja2FnZSBtYWluOyBpbXBvcnQgImZtdCI7IGZ1bmMgbWFpbigpIHsgZm10LlByaW50bG4oIkhlbGxvIikgfQ== go} Response:  {Hello\n true <nil> 283ms}"
time="2025-02-22T17:00:40+05:30" level=info msg="Request:  {I2luY2x1ZGUgPGlvc3RyZWFtPgppbnQgbWFpbigpIHsgc3RkOjpjb3V0IDw8ICJIZWxsbyBmcm9tIEMrKyIgPDwgc3RkOjplbmRsOyByZXR1cm4gMDsgfQ== cpp} Response:  {Hello from C++\n true <nil> 390ms}"
time="2025-02-22T17:00:41+05:30" level=info msg="Request:  {cGFja2FnZSBtYWluOyBpbXBvcnQgImZtdCI7IGZ1bmMgbWFpbigpIHsgZm10LlByaW50bG4oIkhlbGxvIikgfQ== go} Response:  {Hello\n true <nil> 287ms}"
time="2025-02-22T17:00:43+05:30" level=info msg="Request:  {cGFja2FnZSBtYWluOyBpbXBvcnQgImZtdCI7IGZ1bmMgbWFpbigpIHsgZm10LlByaW50bG4oIkhlbGxvIikgfQ== go} Response:  {Hello\n true <nil> 296ms}"
time="2025-02-22T17:00:43+05:30" level=info msg="Request:  {I2luY2x1ZGUgPGlvc3RyZWFtPgppbnQgbWFpbigpIHsgc3RkOjpjb3V0IDw8ICJIZWxsbyBmcm9tIEMrKyIgPDwgc3RkOjplbmRsOyByZXR1cm4gMDsgfQ== cpp} Response:  {Hello from C++\n true <nil> 393ms}"
time="2025-02-24T12:22:55+05:30" level=info msg="Request:  {cGFja2FnZSBtYWluCgppbXBvcnQgImZtdCIKCmZ1bmMgbWFpbigpIHsKICBmbXQuUHJpbnRsbigiSGVsbG8sIHdvcmxkISIpCn0= go} Response:  {Hello, world!\n true <nil> 1075ms}"
time="2025-02-24T12:22:58+05:30" level=info msg="Request:  {cGFja2FnZSBtYWluCgppbXBvcnQgImZtdCIKCmZ1bmMgbWFpbigpIHsKICBmbXQuUHJpbnRsbigiSGVsbG8sIHdvcmxkISIpCn0= go} Response:  {Hello, world!\n true <nil> 815ms}"
time="2025-02-24T12:24:28+05:30" level=info msg="Request:  {I2luY2x1ZGUgPGlvc3RyZWFtPgoKaW50IG1haW4oKSB7CiAgc3RkOjpjb3V0IDw8ICJIZWxsbywgd29ybGQhIiA8PCBzdGQ6OmVuZGw7CiAgcmV0dXJuIDA7Cn0= cpp} Response:  {Hello, world!\n true <nil> 507ms}"
time="2025-02-24T12:24:30+05:30" level=info msg="Request:  {I2luY2x1ZGUgPGlvc3RyZWFtPgoKaW50IG1haW4oKSB7CiAgc3RkOjpjb3V0IDw8ICJIZWxsbywgd29ybGQhIiA8PCBzdGQ6OmVuZGw7CiAgcmV0dXJuIDA7Cn0= cpp} Response:  {Hello, world!\n true <nil> 359ms}"
time="2025-02-24T12:24:31+05:30" level=info msg="Request:  {I2luY2x1ZGUgPGlvc3RyZWFtPgoKaW50IG1haW4oKSB7CiAgc3RkOjpjb3V0IDw8ICJIZWxsbywgd29ybGQhIiA8PCBzdGQ6OmVuZGw7CiAgcmV0dXJuIDA7Cn0= cpp} Response:  {Hello, world!\n true <nil> 357ms}"
time="2025-02-24T12:24:31+05:30" level=info msg="Request:  {I2luY2x1ZGUgPGlvc3RyZWFtPgoKaW50IG1haW4oKSB7CiAgc3RkOjpjb3V0IDw8ICJIZWxsbywgd29ybGQhIiA8PCBzdGQ6OmVuZGw7CiAgcmV0dXJuIDA7Cn0= cpp} Response:  {Hello, world!\n true <nil> 372ms}"
time="2025-02-24T12:24:32+05:30" level=info msg="Request:  {I2luY2x1ZGUgPGlvc3RyZWFtPgoKaW50IG1haW4oKSB7CiAgc3RkOjpjb3V0IDw8ICJIZWxsbywgd29ybGQhIiA8PCBzdGQ6OmVuZGw7CiAgcmV0dXJuIDA7Cn0= cpp} Response:  {Hello, world!\n true <nil> 415ms}"
time="2025-02-24T12:24:32+05:30" level=info msg="Request:  {I2luY2x1ZGUgPGlvc3RyZWFtPgoKaW50IG1haW4oKSB7CiAgc3RkOjpjb3V0IDw8ICJIZWxsbywgd29ybGQhIiA8PCBzdGQ6OmVuZGw7CiAgcmV0dXJuIDA7Cn0= cpp} Response:  {Hello, world!\n true <nil> 390ms}"
time="2025-02-24T12:24:33+05:30" level=info msg="Request:  {I2luY2x1ZGUgPGlvc3RyZWFtPgoKaW50IG1haW4oKSB7CiAgc3RkOjpjb3V0IDw8ICJIZWxsbywgd29ybGQhIiA8PCBzdGQ6OmVuZGw7CiAgcmV0dXJuIDA7Cn0= cpp} Response:  {Hello, world!\n true <nil> 375ms}"
time="2025-02-24T12:24:34+05:30" level=info msg="Request:  {I2luY2x1ZGUgPGlvc3RyZWFtPgoKaW50IG1haW4oKSB7CiAgc3RkOjpjb3V0IDw8ICJIZWxsbywgd29ybGQhIiA8PCBzdGQ6OmVuZGw7CiAgcmV0dXJuIDA7Cn0= cpp} Response:  {Hello, world!\n true <nil> 355ms}"
time="2025-02-24T12:24:36+05:30" level=info msg="Request:  {I2luY2x1ZGUgPGlvc3RyZWFtPgoKaW50IG1haW4oKSB7CiAgc3RkOjpjb3V0IDw8ICJIZWxsbywgd29ybGQhIiA8PCBzdGQ6OmVuZGw7CiAgcmV0dXJuIDA7Cn0= cpp} Response:  {Hello, world!\n true <nil> 429ms}"
time="2025-02-24T12:24:44+05:30" level=info msg="Request:  {cHJpbnQoJ0hlbGxvLCB3b3JsZCEnKQ== python} Response:  {Hello, world!\n true <nil> 112ms}"
time="2025-02-24T12:24:47+05:30" level=info msg="Request:  {cHJpbnQoJ0hlbGxvLCB3b3JsZCEnKQ== python} Response:  {Hello, world!\n true <nil> 80ms}"
time="2025-02-24T12:24:49+05:30" level=info msg="Request:  {cHJpbnQoJ0hlbGxvLCB3b3JsZCEnKQ== python} Response:  {Hello, world!\n true <nil> 93ms}"
time="2025-02-24T12:24:49+05:30" level=info msg="Request:  {cHJpbnQoJ0hlbGxvLCB3b3JsZCEnKQ== python} Response:  {Hello, world!\n true <nil> 77ms}"
time="2025-02-24T12:24:50+05:30" level=info msg="Request:  {cHJpbnQoJ0hlbGxvLCB3b3JsZCEnKQ== python} Response:  {Hello, world!\n true <nil> 78ms}"
